2021-11-11T09:03:12.355Z [jfrou] [INFO ] [3452501206d05aad] [bootstrap.go:76               ] [main                ] - Router (jfrou) service initialization started. Version: 7.26.0-1 Revision: fc921b2dfafca1829dfa35c5ee2dd6898e0faae1 PID: 3381 Home: /opt/jfrog/artifactory
2021-11-11T09:03:12.356Z [jfrou] [INFO ] [3452501206d05aad] [bootstrap.go:79               ] [main                ] - JFrog Router IP: 172.17.0.2
2021-11-11T09:03:17.390Z [jfrou] [INFO ] [3452501206d05aad] [security_keys.go:149          ] [main                ] - Master key is missing. Pending for 5 seconds with 2m0s timeout
2021-11-11T09:03:22.528Z [jfrou] [INFO ] [3452501206d05aad] [security_keys.go:149          ] [main                ] - Master key is missing. Pending for 10 seconds with 2m0s timeout
2021-11-11T09:03:27.584Z [jfrou] [INFO ] [3452501206d05aad] [security_keys.go:149          ] [main                ] - Master key is missing. Pending for 15 seconds with 2m0s timeout
2021-11-11T09:03:32.590Z [jfrou] [INFO ] [3452501206d05aad] [security_keys.go:163          ] [main                ] - Cluster join: Join key is missing. Pending for 20 seconds with 2m0s timeout
2021-11-11T09:03:33.592Z [jfrou] [INFO ] [3452501206d05aad] [bootstrap.go:192              ] [main                ] - System configuration encryption report:
shared.newrelic.licenseKey: does not exist in the config file
shared.security.joinKeyFile: file '/opt/jfrog/artifactory/var/etc/security/join.key' - already encrypted
2021-11-11T09:03:33.593Z [jfrou] [INFO ] [3452501206d05aad] [bootstrap.go:84               ] [main                ] - JFrog Router Service ID: jfrou@01fm73sv6s4d6cyy1rm4qbwzj4
2021-11-11T09:03:33.593Z [jfrou] [INFO ] [3452501206d05aad] [bootstrap.go:85               ] [main                ] - JFrog Router Node ID: 17cf92a2bffd
2021-11-11T09:03:33.625Z [jfrou] [INFO ] [3452501206d05aad] [http_client_holder.go:155     ] [main                ] - System cert pool contents were loaded as trusted CAs for TLS communication
2021-11-11T09:03:34.356Z [jfrou] [INFO ] [3452501206d05aad] [config_holder.go:107          ] [main                ] - Configuration update detected
2021-11-11T09:03:35.203Z [jfrou] [INFO ] [3452501206d05aad] [join_executor.go:116          ] [main                ] - Cluster join: Trying to rejoin the cluster
2021-11-11T09:03:35.616Z [jfrou] [INFO ] [3452501206d05aad] [join_executor.go:205          ] [main                ] - Cluster join: Successfully joined the cluster
2021-11-11T09:03:35.618Z [jfrou] [INFO ] [3452501206d05aad] [http_client_holder.go:155     ] [main                ] - System cert pool contents were loaded as trusted CAs for TLS communication
2021-11-11T09:03:35.618Z [jfrou] [INFO ] [3452501206d05aad] [http_client_holder.go:175     ] [main                ] - Following certificates were successfully loaded as trusted CAs for TLS communication:
[/opt/jfrog/artifactory/var/data/router/keys/trusted/access-root-ca.crt]
2021-11-11T09:03:35.625Z [jfrou] [INFO ] [3452501206d05aad] [main.go:47                    ] [main                ] - Router (jfrou) service initialization completed in 23.271 seconds. Listening on port: 8082
2021-11-11T09:03:35.625Z [jfrou] [WARN ] [5fd9f932428c4a81] [local_topology.go:256         ] [main                ] - Readiness test failed with the following error: "required node services are missing or unhealthy"
2021-11-11T09:03:40.633Z [jfrou] [WARN ] [697ea3b9c63fc9a6] [local_topology.go:256         ] [main                ] - Readiness test failed with the following error: "required node services are missing or unhealthy"
2021-11-11T09:03:45.634Z [jfrou] [WARN ] [78e4cc926d5f20fb] [local_topology.go:256         ] [main                ] - Readiness test failed with the following error: "required node services are missing or unhealthy"
2021-11-11T09:03:50.641Z [jfrou] [WARN ] [1269e4b0e1ef35dd] [local_topology.go:256         ] [main                ] - Readiness test failed with the following error: "required node services are missing or unhealthy"
2021-11-11T09:03:55.636Z [jfrou] [INFO ] [25268ad692e124bb] [local_topology.go:270         ] [main                ] - 
###############################################################
###   All services started successfully in 43.282 seconds   ###
###############################################################
2021-11-11T13:42:19.652Z [jfrou] [ERROR] [32b3cab6a5de2fd9] [external_topology.go:82       ] [main                ] - Failed fetching external topology from Access: Get "http://localhost:8040/access/api/v1/topology": dial tcp 127.0.0.1:8040: connect: connection refused
2021-11-11T13:42:21.187Z [jfrou] [WARN ] [2495b9d84fd1074c] [local_topology.go:256         ] [main                ] - Readiness test failed with the following error: "required node services are missing or unhealthy"
2021-11-11T13:42:22.653Z [jfrou] [ERROR] [41a4026fe580afde] [external_topology.go:82       ] [main                ] - Failed fetching external topology from Access: Get "http://localhost:8040/access/api/v1/topology": dial tcp 127.0.0.1:8040: connect: connection refused
2021-11-11T13:42:23.950Z [jfrou] [INFO ] [3452501206d05aad] [application.go:69             ] [main                ] - Received OS signal: terminated
2021-11-11T13:42:23.950Z [jfrou] [INFO ] [3452501206d05aad] [main.go:52                    ] [main                ] - Shutting down
2021-11-11T13:42:23.956Z [jfrou] [WARN ] [32546b59abb79be1] [local_topology.go:256         ] [main                ] - Readiness test failed with the following error: "required node services are missing or unhealthy"
2021-11-11T13:42:23.969Z [jfrou] [WARN ] [32546b59abb79be1] [local_topology.go:256         ] [main                ] - Readiness test failed with the following error: "required node services are missing or unhealthy"
2021-11-11T13:42:23.983Z [jfrou] [WARN ] [32546b59abb79be1] [local_topology.go:256         ] [main                ] - Readiness test failed with the following error: "required node services are missing or unhealthy"
2021-11-11T13:42:23.984Z [jfrou] [ERROR] [32546b59abb79be1] [local_topology.go:302         ] [main                ] - Could not perform shutdown heartbeat: context canceled. last error: failed sending heartbeat information to Access: failed closing Access grpc client: rpc error: code = Unimplemented desc = Not Found: HTTP status code 404; transport: received the unexpected content-type "text/plain; charset=utf-8"
2021-11-11T20:03:55.083Z [jfrou] [INFO ] [68c99a3e9297507 ] [bootstrap.go:76               ] [main                ] - Router (jfrou) service initialization started. Version: 7.26.0-1 Revision: fc921b2dfafca1829dfa35c5ee2dd6898e0faae1 PID: 3372 Home: /opt/jfrog/artifactory
2021-11-11T20:03:55.085Z [jfrou] [INFO ] [68c99a3e9297507 ] [bootstrap.go:79               ] [main                ] - JFrog Router IP: 172.17.0.2
2021-11-11T20:03:55.090Z [jfrou] [INFO ] [68c99a3e9297507 ] [bootstrap.go:192              ] [main                ] - System configuration encryption report:
shared.newrelic.licenseKey: does not exist in the config file
shared.security.joinKeyFile: file '/opt/jfrog/artifactory/var/etc/security/join.key' - already encrypted
2021-11-11T20:03:55.094Z [jfrou] [INFO ] [68c99a3e9297507 ] [bootstrap.go:84               ] [main                ] - JFrog Router Service ID: jfrou@01fm73sv6s4d6cyy1rm4qbwzj4
2021-11-11T20:03:55.094Z [jfrou] [INFO ] [68c99a3e9297507 ] [bootstrap.go:85               ] [main                ] - JFrog Router Node ID: 17cf92a2bffd
2021-11-11T20:03:55.326Z [jfrou] [INFO ] [68c99a3e9297507 ] [http_client_holder.go:155     ] [main                ] - System cert pool contents were loaded as trusted CAs for TLS communication
2021-11-11T20:03:55.327Z [jfrou] [INFO ] [68c99a3e9297507 ] [http_client_holder.go:175     ] [main                ] - Following certificates were successfully loaded as trusted CAs for TLS communication:
[/opt/jfrog/artifactory/var/data/router/keys/trusted/access-root-ca.crt]
2021-11-11T20:03:57.083Z [jfrou] [INFO ] [68c99a3e9297507 ] [config_holder.go:107          ] [main                ] - Configuration update detected
2021-11-11T20:04:12.007Z [jfrou] [INFO ] [68c99a3e9297507 ] [join_executor.go:116          ] [main                ] - Cluster join: Trying to rejoin the cluster
2021-11-11T20:04:12.815Z [jfrou] [INFO ] [68c99a3e9297507 ] [join_executor.go:205          ] [main                ] - Cluster join: Successfully joined the cluster
2021-11-11T20:04:12.817Z [jfrou] [INFO ] [68c99a3e9297507 ] [http_client_holder.go:155     ] [main                ] - System cert pool contents were loaded as trusted CAs for TLS communication
2021-11-11T20:04:12.817Z [jfrou] [INFO ] [68c99a3e9297507 ] [http_client_holder.go:175     ] [main                ] - Following certificates were successfully loaded as trusted CAs for TLS communication:
[/opt/jfrog/artifactory/var/data/router/keys/trusted/access-root-ca.crt]
2021-11-11T20:04:12.832Z [jfrou] [INFO ] [68c99a3e9297507 ] [registry_handler.go:89        ] [main                ] - The following services were restored automatically based on persisted data: jfevt@01fm73sqysjgst0t1vddpw09kv, jffe@000, jfmd@01fm73sw2hffqpz18jr6kq7m9p, jfob@01fm73sqysjgst0t1vddpw09kv
2021-11-11T20:04:12.840Z [jfrou] [INFO ] [68c99a3e9297507 ] [main.go:47                    ] [main                ] - Router (jfrou) service initialization completed in 17.771 seconds. Listening on port: 8082
2021-11-11T20:04:12.841Z [jfrou] [WARN ] [34285e75673342b9] [local_topology.go:256         ] [main                ] - Readiness test failed with the following error: "required node services are missing or unhealthy"
2021-11-11T20:04:17.868Z [jfrou] [WARN ] [9cb6300e103e321 ] [local_topology.go:256         ] [main                ] - Readiness test failed with the following error: "required node services are missing or unhealthy"
2021-11-11T20:04:22.913Z [jfrou] [WARN ] [18ee528eb78f3e1a] [local_topology.go:256         ] [main                ] - Readiness test failed with the following error: "required node services are missing or unhealthy"
2021-11-11T20:04:27.856Z [jfrou] [WARN ] [7b7a903fc8a439b5] [local_topology.go:256         ] [main                ] - Readiness test failed with the following error: "required node services are missing or unhealthy"
2021-11-11T20:04:32.848Z [jfrou] [INFO ] [2e2cdd022b304309] [local_topology.go:270         ] [main                ] - 
###############################################################
###   All services started successfully in 37.780 seconds   ###
###############################################################
2021-11-11T20:22:28.497Z [jfrou] [WARN ] [7313c5935273aafc] [local_topology.go:256         ] [main                ] - Readiness test failed with the following error: "required node services are missing or unhealthy"
2021-11-11T20:22:29.626Z [jfrou] [ERROR] [1f38add00fc99c7 ] [external_topology.go:82       ] [main                ] - Failed fetching external topology from Access: Get "http://localhost:8040/access/api/v1/topology": dial tcp 127.0.0.1:8040: connect: connection refused
2021-11-11T20:22:32.632Z [jfrou] [ERROR] [59f73eddde6e65ef] [external_topology.go:82       ] [main                ] - Failed fetching external topology from Access: Get "http://localhost:8040/access/api/v1/topology": dial tcp 127.0.0.1:8040: connect: connection refused
2021-11-11T20:22:33.498Z [jfrou] [WARN ] [64022c5044fabb06] [local_topology.go:256         ] [main                ] - Readiness test failed with the following error: "required node services are missing or unhealthy"
2021-11-11T20:22:34.122Z [jfrou] [INFO ] [68c99a3e9297507 ] [application.go:69             ] [main                ] - Received OS signal: terminated
2021-11-11T20:22:34.122Z [jfrou] [INFO ] [68c99a3e9297507 ] [main.go:52                    ] [main                ] - Shutting down
2021-11-11T20:22:34.156Z [jfrou] [WARN ] [34066a4ba45f42a4] [local_topology.go:256         ] [main                ] - Readiness test failed with the following error: "required node services are missing or unhealthy"
2021-11-11T20:22:34.168Z [jfrou] [WARN ] [34066a4ba45f42a4] [local_topology.go:256         ] [main                ] - Readiness test failed with the following error: "required node services are missing or unhealthy"
2021-11-11T20:22:34.179Z [jfrou] [WARN ] [34066a4ba45f42a4] [local_topology.go:256         ] [main                ] - Readiness test failed with the following error: "required node services are missing or unhealthy"
2021-11-11T20:22:34.181Z [jfrou] [ERROR] [34066a4ba45f42a4] [local_topology.go:302         ] [main                ] - Could not perform shutdown heartbeat: context canceled. last error: failed sending heartbeat information to Access: failed closing Access grpc client: rpc error: code = Unimplemented desc = Not Found: HTTP status code 404; transport: received the unexpected content-type "text/plain; charset=utf-8"
2021-11-11T20:27:57.692Z [jfrou] [INFO ] [643f00868cedd1dc] [bootstrap.go:76               ] [main                ] - Router (jfrou) service initialization started. Version: 7.26.0-1 Revision: fc921b2dfafca1829dfa35c5ee2dd6898e0faae1 PID: 3370 Home: /opt/jfrog/artifactory
2021-11-11T20:27:57.697Z [jfrou] [INFO ] [643f00868cedd1dc] [bootstrap.go:79               ] [main                ] - JFrog Router IP: 172.17.0.2
2021-11-11T20:27:57.698Z [jfrou] [INFO ] [643f00868cedd1dc] [bootstrap.go:192              ] [main                ] - System configuration encryption report:
shared.newrelic.licenseKey: does not exist in the config file
shared.security.joinKeyFile: file '/opt/jfrog/artifactory/var/etc/security/join.key' - already encrypted
2021-11-11T20:27:57.701Z [jfrou] [INFO ] [643f00868cedd1dc] [bootstrap.go:84               ] [main                ] - JFrog Router Service ID: jfrou@01fm73sv6s4d6cyy1rm4qbwzj4
2021-11-11T20:27:57.701Z [jfrou] [INFO ] [643f00868cedd1dc] [bootstrap.go:85               ] [main                ] - JFrog Router Node ID: 17cf92a2bffd
2021-11-11T20:27:57.833Z [jfrou] [INFO ] [643f00868cedd1dc] [http_client_holder.go:155     ] [main                ] - System cert pool contents were loaded as trusted CAs for TLS communication
2021-11-11T20:27:57.853Z [jfrou] [INFO ] [643f00868cedd1dc] [http_client_holder.go:175     ] [main                ] - Following certificates were successfully loaded as trusted CAs for TLS communication:
[/opt/jfrog/artifactory/var/data/router/keys/trusted/access-root-ca.crt]
2021-11-11T20:27:59.783Z [jfrou] [INFO ] [643f00868cedd1dc] [config_holder.go:107          ] [main                ] - Configuration update detected
2021-11-11T20:28:12.771Z [jfrou] [INFO ] [643f00868cedd1dc] [join_executor.go:116          ] [main                ] - Cluster join: Trying to rejoin the cluster
2021-11-11T20:28:13.558Z [jfrou] [INFO ] [643f00868cedd1dc] [join_executor.go:205          ] [main                ] - Cluster join: Successfully joined the cluster
2021-11-11T20:28:18.561Z [jfrou] [ERROR] [                ] [connectivity_test_server.go:69] [main                ] - Cluster join: Failed closing connectivity test server: context deadline exceeded
2021-11-11T20:28:18.561Z [jfrou] [INFO ] [643f00868cedd1dc] [http_client_holder.go:155     ] [main                ] - System cert pool contents were loaded as trusted CAs for TLS communication
2021-11-11T20:28:18.561Z [jfrou] [INFO ] [643f00868cedd1dc] [http_client_holder.go:175     ] [main                ] - Following certificates were successfully loaded as trusted CAs for TLS communication:
[/opt/jfrog/artifactory/var/data/router/keys/trusted/access-root-ca.crt]
2021-11-11T20:28:18.570Z [jfrou] [INFO ] [643f00868cedd1dc] [registry_handler.go:89        ] [main                ] - The following services were restored automatically based on persisted data: jfevt@01fm73sqysjgst0t1vddpw09kv, jffe@000, jfmd@01fm73sw2hffqpz18jr6kq7m9p, jfob@01fm73sqysjgst0t1vddpw09kv
2021-11-11T20:28:18.589Z [jfrou] [INFO ] [643f00868cedd1dc] [main.go:47                    ] [main                ] - Router (jfrou) service initialization completed in 20.906 seconds. Listening on port: 8082
2021-11-11T20:28:18.590Z [jfrou] [WARN ] [5953627e7cef206b] [local_topology.go:256         ] [main                ] - Readiness test failed with the following error: "required node services are missing or unhealthy"
2021-11-11T20:28:23.621Z [jfrou] [WARN ] [71e140db29f9d8cd] [local_topology.go:256         ] [main                ] - Readiness test failed with the following error: "required node services are missing or unhealthy"
2021-11-11T20:28:28.595Z [jfrou] [WARN ] [2f7be16216c62ff6] [local_topology.go:256         ] [main                ] - Readiness test failed with the following error: "required node services are missing or unhealthy"
2021-11-11T20:28:33.608Z [jfrou] [WARN ] [30914d6da42a725c] [local_topology.go:256         ] [main                ] - Readiness test failed with the following error: "required node services are missing or unhealthy"
2021-11-11T20:28:38.598Z [jfrou] [INFO ] [71753c5f4de04334] [local_topology.go:270         ] [main                ] - 
###############################################################
###   All services started successfully in 40.914 seconds   ###
###############################################################
2021-11-11T21:01:18.487Z [jfrou] [ERROR] [6436fe10c1e593ab] [external_topology.go:82       ] [main                ] - Failed fetching external topology from Access: Get "http://localhost:8040/access/api/v1/topology": dial tcp 127.0.0.1:8040: connect: connection refused
2021-11-11T21:01:20.246Z [jfrou] [WARN ] [724c053a02a9ea0c] [local_topology.go:256         ] [main                ] - Readiness test failed with the following error: "required node services are missing or unhealthy"
2021-11-11T21:01:21.493Z [jfrou] [ERROR] [60261dc7ceb7cd  ] [external_topology.go:82       ] [main                ] - Failed fetching external topology from Access: Get "http://localhost:8040/access/api/v1/topology": dial tcp 127.0.0.1:8040: connect: connection refused
2021-11-11T21:01:23.014Z [jfrou] [INFO ] [643f00868cedd1dc] [application.go:69             ] [main                ] - Received OS signal: terminated
2021-11-11T21:01:23.014Z [jfrou] [INFO ] [643f00868cedd1dc] [main.go:52                    ] [main                ] - Shutting down
2021-11-11T21:01:23.036Z [jfrou] [WARN ] [5a019660b20af030] [local_topology.go:256         ] [main                ] - Readiness test failed with the following error: "required node services are missing or unhealthy"
2021-11-11T21:01:23.048Z [jfrou] [WARN ] [5a019660b20af030] [local_topology.go:256         ] [main                ] - Readiness test failed with the following error: "required node services are missing or unhealthy"
2021-11-11T21:01:23.059Z [jfrou] [WARN ] [5a019660b20af030] [local_topology.go:256         ] [main                ] - Readiness test failed with the following error: "required node services are missing or unhealthy"
2021-11-11T21:01:23.060Z [jfrou] [ERROR] [5a019660b20af030] [local_topology.go:302         ] [main                ] - Could not perform shutdown heartbeat: context canceled. last error: failed sending heartbeat information to Access: failed closing Access grpc client: rpc error: code = Unimplemented desc = Not Found: HTTP status code 404; transport: received the unexpected content-type "text/plain; charset=utf-8"
2021-11-13T13:27:45.202Z [jfrou] [INFO ] [eace95e615dbd83 ] [bootstrap.go:76               ] [main                ] - Router (jfrou) service initialization started. Version: 7.26.0-1 Revision: fc921b2dfafca1829dfa35c5ee2dd6898e0faae1 PID: 3374 Home: /opt/jfrog/artifactory
2021-11-13T13:27:45.205Z [jfrou] [INFO ] [eace95e615dbd83 ] [bootstrap.go:79               ] [main                ] - JFrog Router IP: 172.17.0.2
2021-11-13T13:27:45.246Z [jfrou] [INFO ] [eace95e615dbd83 ] [bootstrap.go:192              ] [main                ] - System configuration encryption report:
shared.newrelic.licenseKey: does not exist in the config file
shared.security.joinKeyFile: file '/opt/jfrog/artifactory/var/etc/security/join.key' - already encrypted
2021-11-13T13:27:45.248Z [jfrou] [INFO ] [eace95e615dbd83 ] [bootstrap.go:84               ] [main                ] - JFrog Router Service ID: jfrou@01fm73sv6s4d6cyy1rm4qbwzj4
2021-11-13T13:27:45.248Z [jfrou] [INFO ] [eace95e615dbd83 ] [bootstrap.go:85               ] [main                ] - JFrog Router Node ID: 17cf92a2bffd
2021-11-13T13:27:45.312Z [jfrou] [INFO ] [eace95e615dbd83 ] [http_client_holder.go:155     ] [main                ] - System cert pool contents were loaded as trusted CAs for TLS communication
2021-11-13T13:27:45.314Z [jfrou] [INFO ] [eace95e615dbd83 ] [http_client_holder.go:175     ] [main                ] - Following certificates were successfully loaded as trusted CAs for TLS communication:
[/opt/jfrog/artifactory/var/data/router/keys/trusted/access-root-ca.crt]
2021-11-13T13:27:47.061Z [jfrou] [INFO ] [eace95e615dbd83 ] [config_holder.go:107          ] [main                ] - Configuration update detected
2021-11-13T13:28:03.653Z [jfrou] [INFO ] [eace95e615dbd83 ] [join_executor.go:116          ] [main                ] - Cluster join: Trying to rejoin the cluster
2021-11-13T13:28:04.707Z [jfrou] [INFO ] [eace95e615dbd83 ] [join_executor.go:205          ] [main                ] - Cluster join: Successfully joined the cluster
2021-11-13T13:28:04.709Z [jfrou] [INFO ] [eace95e615dbd83 ] [http_client_holder.go:155     ] [main                ] - System cert pool contents were loaded as trusted CAs for TLS communication
2021-11-13T13:28:04.709Z [jfrou] [INFO ] [eace95e615dbd83 ] [http_client_holder.go:175     ] [main                ] - Following certificates were successfully loaded as trusted CAs for TLS communication:
[/opt/jfrog/artifactory/var/data/router/keys/trusted/access-root-ca.crt]
2021-11-13T13:28:04.722Z [jfrou] [INFO ] [eace95e615dbd83 ] [registry_handler.go:89        ] [main                ] - The following services were restored automatically based on persisted data: jfevt@01fm73sqysjgst0t1vddpw09kv, jffe@000, jfmd@01fm73sw2hffqpz18jr6kq7m9p, jfob@01fm73sqysjgst0t1vddpw09kv
2021-11-13T13:28:04.741Z [jfrou] [INFO ] [eace95e615dbd83 ] [main.go:47                    ] [main                ] - Router (jfrou) service initialization completed in 19.685 seconds. Listening on port: 8082
2021-11-13T13:28:04.743Z [jfrou] [WARN ] [608f397e9359a81 ] [local_topology.go:256         ] [main                ] - Readiness test failed with the following error: "required node services are missing or unhealthy"
2021-11-13T13:28:09.758Z [jfrou] [WARN ] [650a74da96e749df] [local_topology.go:256         ] [main                ] - Readiness test failed with the following error: "required node services are missing or unhealthy"
2021-11-13T13:28:14.765Z [jfrou] [WARN ] [34e1eaac05a0deda] [local_topology.go:256         ] [main                ] - Readiness test failed with the following error: "required node services are missing or unhealthy"
2021-11-13T13:28:19.778Z [jfrou] [WARN ] [260ce7ad7416a005] [local_topology.go:256         ] [main                ] - Readiness test failed with the following error: "required node services are missing or unhealthy"
2021-11-13T13:28:24.763Z [jfrou] [WARN ] [17aadf416e772a9b] [local_topology.go:256         ] [main                ] - Readiness test failed with the following error: "required node services are missing or unhealthy"
2021-11-13T13:28:29.755Z [jfrou] [INFO ] [4212923df435315a] [local_topology.go:270         ] [main                ] - 
###############################################################
###   All services started successfully in 44.699 seconds   ###
###############################################################
2021-11-13T13:37:00.052Z [jfrou] [WARN ] [446fe9c38506fec6] [local_topology.go:256         ] [main                ] - Readiness test failed with the following error: "required node services are missing or unhealthy"
2021-11-13T13:37:01.229Z [jfrou] [ERROR] [6b98905767c00937] [external_topology.go:82       ] [main                ] - Failed fetching external topology from Access: Get "http://localhost:8040/access/api/v1/topology": read tcp 127.0.0.1:36098->127.0.0.1:8040: read: connection reset by peer
2021-11-13T13:37:02.385Z [jfrou] [ERROR] [78fba3b388658f3f] [external_topology.go:82       ] [main                ] - Failed fetching external topology from Access: Get "http://localhost:8040/access/api/v1/topology": dial tcp 127.0.0.1:8040: connect: connection refused
2021-11-13T13:37:05.053Z [jfrou] [WARN ] [4c9de8ca3e9b6c92] [local_topology.go:256         ] [main                ] - Readiness test failed with the following error: "required node services are missing or unhealthy"
2021-11-13T13:37:05.439Z [jfrou] [ERROR] [2186d5ddad50f6bc] [external_topology.go:82       ] [main                ] - Failed fetching external topology from Access: Get "http://localhost:8040/access/api/v1/topology": dial tcp 127.0.0.1:8040: connect: connection refused
2021-11-13T13:37:06.203Z [jfrou] [INFO ] [eace95e615dbd83 ] [application.go:69             ] [main                ] - Received OS signal: terminated
2021-11-13T13:37:06.203Z [jfrou] [INFO ] [eace95e615dbd83 ] [main.go:52                    ] [main                ] - Shutting down
2021-11-13T13:37:06.209Z [jfrou] [WARN ] [5143a683f50f68c9] [local_topology.go:256         ] [main                ] - Readiness test failed with the following error: "required node services are missing or unhealthy"
2021-11-13T13:37:06.221Z [jfrou] [WARN ] [5143a683f50f68c9] [local_topology.go:256         ] [main                ] - Readiness test failed with the following error: "required node services are missing or unhealthy"
2021-11-13T13:37:06.234Z [jfrou] [WARN ] [5143a683f50f68c9] [local_topology.go:256         ] [main                ] - Readiness test failed with the following error: "required node services are missing or unhealthy"
2021-11-13T13:37:06.235Z [jfrou] [ERROR] [5143a683f50f68c9] [local_topology.go:302         ] [main                ] - Could not perform shutdown heartbeat: context canceled. last error: failed sending heartbeat information to Access: failed closing Access grpc client: rpc error: code = Unimplemented desc = Not Found: HTTP status code 404; transport: received the unexpected content-type "text/plain; charset=utf-8"
2021-11-13T16:47:06.548Z [jfrou] [INFO ] [de2fcc5f683c9ae ] [bootstrap.go:76               ] [main                ] - Router (jfrou) service initialization started. Version: 7.26.0-1 Revision: fc921b2dfafca1829dfa35c5ee2dd6898e0faae1 PID: 3380 Home: /opt/jfrog/artifactory
2021-11-13T16:47:06.557Z [jfrou] [INFO ] [de2fcc5f683c9ae ] [bootstrap.go:79               ] [main                ] - JFrog Router IP: 172.17.0.2
2021-11-13T16:47:06.565Z [jfrou] [INFO ] [de2fcc5f683c9ae ] [bootstrap.go:192              ] [main                ] - System configuration encryption report:
shared.newrelic.licenseKey: does not exist in the config file
shared.security.joinKeyFile: file '/opt/jfrog/artifactory/var/etc/security/join.key' - already encrypted
2021-11-13T16:47:06.573Z [jfrou] [INFO ] [de2fcc5f683c9ae ] [bootstrap.go:84               ] [main                ] - JFrog Router Service ID: jfrou@01fm73sv6s4d6cyy1rm4qbwzj4
2021-11-13T16:47:06.573Z [jfrou] [INFO ] [de2fcc5f683c9ae ] [bootstrap.go:85               ] [main                ] - JFrog Router Node ID: 17cf92a2bffd
2021-11-13T16:47:06.953Z [jfrou] [INFO ] [de2fcc5f683c9ae ] [http_client_holder.go:155     ] [main                ] - System cert pool contents were loaded as trusted CAs for TLS communication
2021-11-13T16:47:06.976Z [jfrou] [INFO ] [de2fcc5f683c9ae ] [http_client_holder.go:175     ] [main                ] - Following certificates were successfully loaded as trusted CAs for TLS communication:
[/opt/jfrog/artifactory/var/data/router/keys/trusted/access-root-ca.crt]
2021-11-13T16:47:08.550Z [jfrou] [INFO ] [de2fcc5f683c9ae ] [config_holder.go:107          ] [main                ] - Configuration update detected
2021-11-13T16:47:33.587Z [jfrou] [INFO ] [de2fcc5f683c9ae ] [join_executor.go:116          ] [main                ] - Cluster join: Trying to rejoin the cluster
2021-11-13T16:47:34.653Z [jfrou] [INFO ] [de2fcc5f683c9ae ] [join_executor.go:205          ] [main                ] - Cluster join: Successfully joined the cluster
2021-11-13T16:47:34.655Z [jfrou] [INFO ] [de2fcc5f683c9ae ] [http_client_holder.go:155     ] [main                ] - System cert pool contents were loaded as trusted CAs for TLS communication
2021-11-13T16:47:34.656Z [jfrou] [INFO ] [de2fcc5f683c9ae ] [http_client_holder.go:175     ] [main                ] - Following certificates were successfully loaded as trusted CAs for TLS communication:
[/opt/jfrog/artifactory/var/data/router/keys/trusted/access-root-ca.crt]
2021-11-13T16:47:34.664Z [jfrou] [INFO ] [de2fcc5f683c9ae ] [registry_handler.go:89        ] [main                ] - The following services were restored automatically based on persisted data: jfevt@01fm73sqysjgst0t1vddpw09kv, jffe@000, jfmd@01fm73sw2hffqpz18jr6kq7m9p, jfob@01fm73sqysjgst0t1vddpw09kv
2021-11-13T16:47:34.692Z [jfrou] [INFO ] [de2fcc5f683c9ae ] [main.go:47                    ] [main                ] - Router (jfrou) service initialization completed in 28.161 seconds. Listening on port: 8082
2021-11-13T16:47:34.693Z [jfrou] [WARN ] [4d6452d1dd5ba3be] [local_topology.go:256         ] [main                ] - Readiness test failed with the following error: "required node services are missing or unhealthy"
2021-11-13T16:47:39.710Z [jfrou] [WARN ] [57d581d97413926c] [local_topology.go:256         ] [main                ] - Readiness test failed with the following error: "required node services are missing or unhealthy"
2021-11-13T16:47:44.860Z [jfrou] [WARN ] [6d25bae26c160b77] [local_topology.go:256         ] [main                ] - Readiness test failed with the following error: "required node services are missing or unhealthy"
2021-11-13T16:47:49.810Z [jfrou] [WARN ] [6a06781ab7ef60ca] [local_topology.go:256         ] [main                ] - Readiness test failed with the following error: "required node services are missing or unhealthy"
2021-11-13T16:47:54.747Z [jfrou] [WARN ] [43abfd09bd8c2cf1] [local_topology.go:256         ] [main                ] - Readiness test failed with the following error: "required node services are missing or unhealthy"
2021-11-13T16:47:59.741Z [jfrou] [INFO ] [7de97a42595e3e7b] [local_topology.go:270         ] [main                ] - 
###############################################################
###   All services started successfully in 53.210 seconds   ###
###############################################################
2021-11-13T19:41:05.735Z [jfrou] [ERROR] [40de3fb0b903c56c] [external_topology.go:82       ] [main                ] - Failed fetching external topology from Access: Get "http://localhost:8040/access/api/v1/topology": read tcp 127.0.0.1:44832->127.0.0.1:8040: read: connection reset by peer
2021-11-13T19:41:06.646Z [jfrou] [ERROR] [281a9af3a7512ab6] [external_topology.go:82       ] [main                ] - Failed fetching external topology from Access: Get "http://localhost:8040/access/api/v1/topology": dial tcp 127.0.0.1:8040: connect: connection refused
2021-11-13T19:41:07.429Z [jfrou] [WARN ] [61156fc580d32b49] [local_topology.go:256         ] [main                ] - Readiness test failed with the following error: "required node services are missing or unhealthy"
2021-11-13T19:41:09.648Z [jfrou] [ERROR] [5061ce02c93abfa0] [external_topology.go:82       ] [main                ] - Failed fetching external topology from Access: Get "http://localhost:8040/access/api/v1/topology": dial tcp 127.0.0.1:8040: connect: connection refused
2021-11-13T19:41:10.717Z [jfrou] [INFO ] [de2fcc5f683c9ae ] [application.go:69             ] [main                ] - Received OS signal: terminated
2021-11-13T19:41:10.717Z [jfrou] [INFO ] [de2fcc5f683c9ae ] [main.go:52                    ] [main                ] - Shutting down
2021-11-13T19:41:10.721Z [jfrou] [WARN ] [e250ab24e7a0efa ] [local_topology.go:256         ] [main                ] - Readiness test failed with the following error: "required node services are missing or unhealthy"
2021-11-13T19:41:10.732Z [jfrou] [WARN ] [e250ab24e7a0efa ] [local_topology.go:256         ] [main                ] - Readiness test failed with the following error: "required node services are missing or unhealthy"
2021-11-13T19:41:10.743Z [jfrou] [WARN ] [e250ab24e7a0efa ] [local_topology.go:256         ] [main                ] - Readiness test failed with the following error: "required node services are missing or unhealthy"
2021-11-13T19:41:10.744Z [jfrou] [ERROR] [e250ab24e7a0efa ] [local_topology.go:302         ] [main                ] - Could not perform shutdown heartbeat: context canceled. last error: failed sending heartbeat information to Access: failed closing Access grpc client: rpc error: code = Unimplemented desc = Not Found: HTTP status code 404; transport: received the unexpected content-type "text/plain; charset=utf-8"
2021-11-17T13:34:19.357Z [jfrou] [INFO ] [22d080f817d068a5] [bootstrap.go:76               ] [main                ] - Router (jfrou) service initialization started. Version: 7.26.0-1 Revision: fc921b2dfafca1829dfa35c5ee2dd6898e0faae1 PID: 3376 Home: /opt/jfrog/artifactory
2021-11-17T13:34:19.524Z [jfrou] [INFO ] [22d080f817d068a5] [bootstrap.go:79               ] [main                ] - JFrog Router IP: 172.17.0.3
2021-11-17T13:34:19.527Z [jfrou] [INFO ] [22d080f817d068a5] [bootstrap.go:192              ] [main                ] - System configuration encryption report:
shared.newrelic.licenseKey: does not exist in the config file
shared.security.joinKeyFile: file '/opt/jfrog/artifactory/var/etc/security/join.key' - already encrypted
2021-11-17T13:34:19.529Z [jfrou] [INFO ] [22d080f817d068a5] [bootstrap.go:84               ] [main                ] - JFrog Router Service ID: jfrou@01fm73sv6s4d6cyy1rm4qbwzj4
2021-11-17T13:34:19.529Z [jfrou] [INFO ] [22d080f817d068a5] [bootstrap.go:85               ] [main                ] - JFrog Router Node ID: 17cf92a2bffd
2021-11-17T13:34:20.165Z [jfrou] [INFO ] [22d080f817d068a5] [http_client_holder.go:155     ] [main                ] - System cert pool contents were loaded as trusted CAs for TLS communication
2021-11-17T13:34:20.194Z [jfrou] [INFO ] [22d080f817d068a5] [http_client_holder.go:175     ] [main                ] - Following certificates were successfully loaded as trusted CAs for TLS communication:
[/opt/jfrog/artifactory/var/data/router/keys/trusted/access-root-ca.crt]
2021-11-17T13:34:21.358Z [jfrou] [INFO ] [22d080f817d068a5] [config_holder.go:107          ] [main                ] - Configuration update detected
2021-11-17T13:34:38.396Z [jfrou] [INFO ] [22d080f817d068a5] [join_executor.go:116          ] [main                ] - Cluster join: Trying to rejoin the cluster
2021-11-17T13:34:39.986Z [jfrou] [INFO ] [22d080f817d068a5] [join_executor.go:205          ] [main                ] - Cluster join: Successfully joined the cluster
2021-11-17T13:34:39.988Z [jfrou] [INFO ] [22d080f817d068a5] [http_client_holder.go:155     ] [main                ] - System cert pool contents were loaded as trusted CAs for TLS communication
2021-11-17T13:34:39.990Z [jfrou] [INFO ] [22d080f817d068a5] [http_client_holder.go:175     ] [main                ] - Following certificates were successfully loaded as trusted CAs for TLS communication:
[/opt/jfrog/artifactory/var/data/router/keys/trusted/access-root-ca.crt]
2021-11-17T13:34:40.064Z [jfrou] [INFO ] [22d080f817d068a5] [registry_handler.go:89        ] [main                ] - The following services were restored automatically based on persisted data: jfevt@01fm73sqysjgst0t1vddpw09kv, jffe@000, jfmd@01fm73sw2hffqpz18jr6kq7m9p, jfob@01fm73sqysjgst0t1vddpw09kv
2021-11-17T13:34:40.223Z [jfrou] [INFO ] [22d080f817d068a5] [main.go:47                    ] [main                ] - Router (jfrou) service initialization completed in 20.869 seconds. Listening on port: 8082
2021-11-17T13:34:40.237Z [jfrou] [WARN ] [1ba888ce2ce98941] [local_topology.go:256         ] [main                ] - Readiness test failed with the following error: "required node services are missing or unhealthy"
2021-11-17T13:34:45.277Z [jfrou] [WARN ] [8cd0190ab40456e ] [local_topology.go:256         ] [main                ] - Readiness test failed with the following error: "required node services are missing or unhealthy"
2021-11-17T13:34:50.233Z [jfrou] [WARN ] [7e57c4eff916111b] [local_topology.go:256         ] [main                ] - Readiness test failed with the following error: "required node services are missing or unhealthy"
2021-11-17T13:34:55.238Z [jfrou] [WARN ] [5a780074616aee3f] [local_topology.go:256         ] [main                ] - Readiness test failed with the following error: "required node services are missing or unhealthy"
2021-11-17T13:35:00.233Z [jfrou] [INFO ] [52944c98129e0359] [local_topology.go:270         ] [main                ] - 
###############################################################
###   All services started successfully in 40.879 seconds   ###
###############################################################
2021-11-17T21:55:03.637Z [jfrou] [INFO ] [657fe8f4a240618f] [bootstrap.go:76               ] [main                ] - Router (jfrou) service initialization started. Version: 7.26.0-1 Revision: fc921b2dfafca1829dfa35c5ee2dd6898e0faae1 PID: 3392 Home: /opt/jfrog/artifactory
2021-11-17T21:55:03.663Z [jfrou] [INFO ] [657fe8f4a240618f] [bootstrap.go:79               ] [main                ] - JFrog Router IP: 172.17.0.3
2021-11-17T21:55:03.673Z [jfrou] [INFO ] [657fe8f4a240618f] [bootstrap.go:192              ] [main                ] - System configuration encryption report:
shared.newrelic.licenseKey: does not exist in the config file
shared.security.joinKeyFile: file '/opt/jfrog/artifactory/var/etc/security/join.key' - already encrypted
2021-11-17T21:55:03.683Z [jfrou] [INFO ] [657fe8f4a240618f] [bootstrap.go:84               ] [main                ] - JFrog Router Service ID: jfrou@01fm73sv6s4d6cyy1rm4qbwzj4
2021-11-17T21:55:03.683Z [jfrou] [INFO ] [657fe8f4a240618f] [bootstrap.go:85               ] [main                ] - JFrog Router Node ID: 17cf92a2bffd
2021-11-17T21:55:03.808Z [jfrou] [INFO ] [657fe8f4a240618f] [http_client_holder.go:155     ] [main                ] - System cert pool contents were loaded as trusted CAs for TLS communication
2021-11-17T21:55:03.827Z [jfrou] [INFO ] [657fe8f4a240618f] [http_client_holder.go:175     ] [main                ] - Following certificates were successfully loaded as trusted CAs for TLS communication:
[/opt/jfrog/artifactory/var/data/router/keys/trusted/access-root-ca.crt]
2021-11-17T21:55:05.678Z [jfrou] [INFO ] [657fe8f4a240618f] [config_holder.go:107          ] [main                ] - Configuration update detected
2021-11-17T21:55:08.374Z [jfrou] [INFO ] [657fe8f4a240618f] [join_executor.go:165          ] [main                ] - Cluster join: Retry 5: Service registry ping failed, will retry. Error: Get "http://localhost:8040/access/api/v1/system/ping": dial tcp 127.0.0.1:8040: connect: connection refused
2021-11-17T21:55:47.330Z [jfrou] [INFO ] [657fe8f4a240618f] [join_executor.go:116          ] [main                ] - Cluster join: Trying to rejoin the cluster
2021-11-17T21:55:47.995Z [jfrou] [INFO ] [657fe8f4a240618f] [join_executor.go:205          ] [main                ] - Cluster join: Successfully joined the cluster
2021-11-17T21:55:47.997Z [jfrou] [INFO ] [657fe8f4a240618f] [http_client_holder.go:155     ] [main                ] - System cert pool contents were loaded as trusted CAs for TLS communication
2021-11-17T21:55:47.997Z [jfrou] [INFO ] [657fe8f4a240618f] [http_client_holder.go:175     ] [main                ] - Following certificates were successfully loaded as trusted CAs for TLS communication:
[/opt/jfrog/artifactory/var/data/router/keys/trusted/access-root-ca.crt]
2021-11-17T21:55:48.013Z [jfrou] [INFO ] [657fe8f4a240618f] [registry_handler.go:89        ] [main                ] - The following services were restored automatically based on persisted data: jfac@01fm73sqysjgst0t1vddpw09kv, jfevt@01fm73sqysjgst0t1vddpw09kv, jffe@000, jfmd@01fm73sw2hffqpz18jr6kq7m9p, jfob@01fm73sqysjgst0t1vddpw09kv, jfrt@01fm73t3m1gsbw1sp9a3en1jrf
2021-11-17T21:55:48.031Z [jfrou] [INFO ] [657fe8f4a240618f] [main.go:47                    ] [main                ] - Router (jfrou) service initialization completed in 44.401 seconds. Listening on port: 8082
2021-11-17T21:55:48.049Z [jfrou] [WARN ] [15e7335a33d4886 ] [local_topology.go:256         ] [main                ] - Readiness test failed with the following error: "required node services are missing or unhealthy"
2021-11-17T21:55:53.040Z [jfrou] [WARN ] [1d603cdf428d3f1a] [local_topology.go:256         ] [main                ] - Readiness test failed with the following error: "required node services are missing or unhealthy"
2021-11-17T21:55:58.153Z [jfrou] [WARN ] [58e601e556ba692e] [local_topology.go:256         ] [main                ] - Readiness test failed with the following error: "required node services are missing or unhealthy"
2021-11-17T21:56:03.046Z [jfrou] [WARN ] [6530bea92a5d638e] [local_topology.go:256         ] [main                ] - Readiness test failed with the following error: "required node services are missing or unhealthy"
2021-11-17T21:56:08.034Z [jfrou] [INFO ] [2c7d7779db73db03] [local_topology.go:270         ] [main                ] - 
###############################################################
###   All services started successfully in 64.412 seconds   ###
###############################################################
2021-11-17T22:49:10.979Z [jfrou] [ERROR] [66d829b8251cc35c] [external_topology.go:82       ] [main                ] - Failed fetching external topology from Access: Get "http://localhost:8040/access/api/v1/topology": context deadline exceeded (Client.Timeout exceeded while awaiting headers)
2021-11-17T22:49:20.085Z [jfrou] [ERROR] [3893b61cabddbb26] [external_topology.go:82       ] [main                ] - Failed fetching external topology from Access: Get "http://localhost:8040/access/api/v1/topology": read tcp 127.0.0.1:47834->127.0.0.1:8040: read: connection reset by peer
2021-11-17T22:49:20.085Z [jfrou] [WARN ] [279e59fe775cd68a] [local_topology.go:256         ] [main                ] - Readiness test failed with the following error: "required node services are missing or unhealthy"
2021-11-17T22:49:20.276Z [jfrou] [ERROR] [5ab0a6c45743d0af] [external_topology.go:82       ] [main                ] - Failed fetching external topology from Access: Get "http://localhost:8040/access/api/v1/topology": dial tcp 127.0.0.1:8040: connect: connection refused
2021-11-17T22:49:21.545Z [jfrou] [WARN ] [363684e67481ebe4] [local_topology.go:256         ] [main                ] - Readiness test failed with the following error: "required node services are missing or unhealthy"
2021-11-17T22:49:23.169Z [jfrou] [INFO ] [657fe8f4a240618f] [application.go:69             ] [main                ] - Received OS signal: terminated
2021-11-17T22:49:23.178Z [jfrou] [INFO ] [657fe8f4a240618f] [main.go:52                    ] [main                ] - Shutting down
2021-11-17T22:49:23.207Z [jfrou] [WARN ] [6152ba00006f7918] [local_topology.go:256         ] [main                ] - Readiness test failed with the following error: "required node services are missing or unhealthy"
2021-11-17T22:49:23.218Z [jfrou] [WARN ] [6152ba00006f7918] [local_topology.go:256         ] [main                ] - Readiness test failed with the following error: "required node services are missing or unhealthy"
2021-11-17T22:49:23.231Z [jfrou] [WARN ] [6152ba00006f7918] [local_topology.go:256         ] [main                ] - Readiness test failed with the following error: "required node services are missing or unhealthy"
2021-11-17T22:49:23.232Z [jfrou] [ERROR] [6152ba00006f7918] [local_topology.go:302         ] [main                ] - Could not perform shutdown heartbeat: context canceled. last error: failed sending heartbeat information to Access: failed closing Access grpc client: rpc error: code = Unimplemented desc = Not Found: HTTP status code 404; transport: received the unexpected content-type "text/plain; charset=utf-8"
2021-11-17T22:51:51.417Z [jfrou] [INFO ] [226d414b9a31c3d0] [bootstrap.go:76               ] [main                ] - Router (jfrou) service initialization started. Version: 7.26.0-1 Revision: fc921b2dfafca1829dfa35c5ee2dd6898e0faae1 PID: 3382 Home: /opt/jfrog/artifactory
2021-11-17T22:51:51.422Z [jfrou] [INFO ] [226d414b9a31c3d0] [bootstrap.go:79               ] [main                ] - JFrog Router IP: 172.17.0.3
2021-11-17T22:51:51.434Z [jfrou] [INFO ] [226d414b9a31c3d0] [bootstrap.go:192              ] [main                ] - System configuration encryption report:
shared.newrelic.licenseKey: does not exist in the config file
shared.security.joinKeyFile: file '/opt/jfrog/artifactory/var/etc/security/join.key' - already encrypted
2021-11-17T22:51:51.437Z [jfrou] [INFO ] [226d414b9a31c3d0] [bootstrap.go:84               ] [main                ] - JFrog Router Service ID: jfrou@01fm73sv6s4d6cyy1rm4qbwzj4
2021-11-17T22:51:51.437Z [jfrou] [INFO ] [226d414b9a31c3d0] [bootstrap.go:85               ] [main                ] - JFrog Router Node ID: 17cf92a2bffd
2021-11-17T22:51:51.570Z [jfrou] [INFO ] [226d414b9a31c3d0] [http_client_holder.go:155     ] [main                ] - System cert pool contents were loaded as trusted CAs for TLS communication
2021-11-17T22:51:51.613Z [jfrou] [INFO ] [226d414b9a31c3d0] [http_client_holder.go:175     ] [main                ] - Following certificates were successfully loaded as trusted CAs for TLS communication:
[/opt/jfrog/artifactory/var/data/router/keys/trusted/access-root-ca.crt]
2021-11-17T22:51:53.432Z [jfrou] [INFO ] [226d414b9a31c3d0] [config_holder.go:107          ] [main                ] - Configuration update detected
2021-11-17T22:52:23.036Z [jfrou] [INFO ] [226d414b9a31c3d0] [join_executor.go:116          ] [main                ] - Cluster join: Trying to rejoin the cluster
2021-11-17T22:52:23.851Z [jfrou] [INFO ] [226d414b9a31c3d0] [join_executor.go:205          ] [main                ] - Cluster join: Successfully joined the cluster
2021-11-17T22:52:23.854Z [jfrou] [INFO ] [226d414b9a31c3d0] [http_client_holder.go:155     ] [main                ] - System cert pool contents were loaded as trusted CAs for TLS communication
2021-11-17T22:52:23.857Z [jfrou] [INFO ] [226d414b9a31c3d0] [http_client_holder.go:175     ] [main                ] - Following certificates were successfully loaded as trusted CAs for TLS communication:
[/opt/jfrog/artifactory/var/data/router/keys/trusted/access-root-ca.crt]
2021-11-17T22:52:23.901Z [jfrou] [INFO ] [226d414b9a31c3d0] [registry_handler.go:89        ] [main                ] - The following services were restored automatically based on persisted data: jfevt@01fm73sqysjgst0t1vddpw09kv, jffe@000, jfmd@01fm73sw2hffqpz18jr6kq7m9p, jfob@01fm73sqysjgst0t1vddpw09kv
2021-11-17T22:52:23.926Z [jfrou] [WARN ] [5d10049e5640bc1a] [local_topology.go:256         ] [main                ] - Readiness test failed with the following error: "required node services are missing or unhealthy"
2021-11-17T22:52:23.926Z [jfrou] [INFO ] [226d414b9a31c3d0] [main.go:47                    ] [main                ] - Router (jfrou) service initialization completed in 32.533 seconds. Listening on port: 8082
2021-11-17T22:52:28.951Z [jfrou] [WARN ] [104ec80559fe4693] [local_topology.go:256         ] [main                ] - Readiness test failed with the following error: "required node services are missing or unhealthy"
2021-11-17T22:52:33.930Z [jfrou] [WARN ] [541162251bd0fa5a] [local_topology.go:256         ] [main                ] - Readiness test failed with the following error: "required node services are missing or unhealthy"
2021-11-17T22:52:38.948Z [jfrou] [WARN ] [1413133d736e482a] [local_topology.go:256         ] [main                ] - Readiness test failed with the following error: "required node services are missing or unhealthy"
2021-11-17T22:52:43.930Z [jfrou] [INFO ] [17ecdc9b01f16c2 ] [local_topology.go:270         ] [main                ] - 
###############################################################
###   All services started successfully in 52.538 seconds   ###
###############################################################
2021-11-18T10:50:00.091Z [jfrou] [INFO ] [5105f31c9c6b6a3 ] [bootstrap.go:76               ] [main                ] - Router (jfrou) service initialization started. Version: 7.26.0-1 Revision: fc921b2dfafca1829dfa35c5ee2dd6898e0faae1 PID: 3370 Home: /opt/jfrog/artifactory
2021-11-18T10:50:00.144Z [jfrou] [INFO ] [5105f31c9c6b6a3 ] [bootstrap.go:79               ] [main                ] - JFrog Router IP: 172.17.0.3
2021-11-18T10:50:00.146Z [jfrou] [INFO ] [5105f31c9c6b6a3 ] [bootstrap.go:192              ] [main                ] - System configuration encryption report:
shared.newrelic.licenseKey: does not exist in the config file
shared.security.joinKeyFile: file '/opt/jfrog/artifactory/var/etc/security/join.key' - already encrypted
2021-11-18T10:50:00.153Z [jfrou] [INFO ] [5105f31c9c6b6a3 ] [bootstrap.go:84               ] [main                ] - JFrog Router Service ID: jfrou@01fm73sv6s4d6cyy1rm4qbwzj4
2021-11-18T10:50:00.153Z [jfrou] [INFO ] [5105f31c9c6b6a3 ] [bootstrap.go:85               ] [main                ] - JFrog Router Node ID: 17cf92a2bffd
2021-11-18T10:50:00.354Z [jfrou] [INFO ] [5105f31c9c6b6a3 ] [http_client_holder.go:155     ] [main                ] - System cert pool contents were loaded as trusted CAs for TLS communication
2021-11-18T10:50:00.362Z [jfrou] [INFO ] [5105f31c9c6b6a3 ] [http_client_holder.go:175     ] [main                ] - Following certificates were successfully loaded as trusted CAs for TLS communication:
[/opt/jfrog/artifactory/var/data/router/keys/trusted/access-root-ca.crt]
2021-11-18T10:50:01.905Z [jfrou] [INFO ] [5105f31c9c6b6a3 ] [config_holder.go:107          ] [main                ] - Configuration update detected
2021-11-18T10:50:17.838Z [jfrou] [INFO ] [5105f31c9c6b6a3 ] [join_executor.go:116          ] [main                ] - Cluster join: Trying to rejoin the cluster
2021-11-18T10:50:18.750Z [jfrou] [INFO ] [5105f31c9c6b6a3 ] [join_executor.go:205          ] [main                ] - Cluster join: Successfully joined the cluster
2021-11-18T10:50:18.753Z [jfrou] [INFO ] [5105f31c9c6b6a3 ] [http_client_holder.go:155     ] [main                ] - System cert pool contents were loaded as trusted CAs for TLS communication
2021-11-18T10:50:18.753Z [jfrou] [INFO ] [5105f31c9c6b6a3 ] [http_client_holder.go:175     ] [main                ] - Following certificates were successfully loaded as trusted CAs for TLS communication:
[/opt/jfrog/artifactory/var/data/router/keys/trusted/access-root-ca.crt]
2021-11-18T10:50:18.770Z [jfrou] [INFO ] [5105f31c9c6b6a3 ] [registry_handler.go:89        ] [main                ] - The following services were restored automatically based on persisted data: jfac@01fm73sqysjgst0t1vddpw09kv, jfevt@01fm73sqysjgst0t1vddpw09kv, jffe@000, jfmd@01fm73sw2hffqpz18jr6kq7m9p, jfob@01fm73sqysjgst0t1vddpw09kv, jfrt@01fm73t3m1gsbw1sp9a3en1jrf
2021-11-18T10:50:18.834Z [jfrou] [INFO ] [5105f31c9c6b6a3 ] [main.go:47                    ] [main                ] - Router (jfrou) service initialization completed in 19.037 seconds. Listening on port: 8082
2021-11-18T10:50:18.883Z [jfrou] [WARN ] [63ef07f4bab0dd55] [local_topology.go:256         ] [main                ] - Readiness test failed with the following error: "required node services are missing or unhealthy"
2021-11-18T10:50:23.853Z [jfrou] [WARN ] [620f93363fdb4529] [local_topology.go:256         ] [main                ] - Readiness test failed with the following error: "required node services are missing or unhealthy"
2021-11-18T10:50:28.846Z [jfrou] [WARN ] [7f868fcdb27b2251] [local_topology.go:256         ] [main                ] - Readiness test failed with the following error: "required node services are missing or unhealthy"
2021-11-18T10:50:33.852Z [jfrou] [WARN ] [711231f25a860c32] [local_topology.go:256         ] [main                ] - Readiness test failed with the following error: "required node services are missing or unhealthy"
2021-11-18T10:50:38.844Z [jfrou] [INFO ] [5b60f3eab38582b8] [local_topology.go:270         ] [main                ] - 
###############################################################
###   All services started successfully in 39.047 seconds   ###
###############################################################
2021-11-18T12:21:25.389Z [jfrou] [ERROR] [47fcc2e525c64fb8] [external_topology.go:82       ] [main                ] - Failed fetching external topology from Access: Get "http://localhost:8040/access/api/v1/topology": dial tcp 127.0.0.1:8040: connect: connection refused
2021-11-18T12:21:26.336Z [jfrou] [WARN ] [1f401dc11f792aca] [local_topology.go:256         ] [main                ] - Readiness test failed with the following error: "required node services are missing or unhealthy"
2021-11-18T12:21:28.388Z [jfrou] [ERROR] [7a2badc5d8dfc9e9] [external_topology.go:82       ] [main                ] - Failed fetching external topology from Access: Get "http://localhost:8040/access/api/v1/topology": dial tcp 127.0.0.1:8040: connect: connection refused
2021-11-18T12:21:30.192Z [jfrou] [INFO ] [5105f31c9c6b6a3 ] [application.go:69             ] [main                ] - Received OS signal: terminated
2021-11-18T12:21:30.192Z [jfrou] [INFO ] [5105f31c9c6b6a3 ] [main.go:52                    ] [main                ] - Shutting down
2021-11-18T12:21:30.230Z [jfrou] [WARN ] [2b5e6d705a67a2c2] [local_topology.go:256         ] [main                ] - Readiness test failed with the following error: "required node services are missing or unhealthy"
2021-11-18T12:21:30.241Z [jfrou] [WARN ] [2b5e6d705a67a2c2] [local_topology.go:256         ] [main                ] - Readiness test failed with the following error: "required node services are missing or unhealthy"
2021-11-18T12:21:30.253Z [jfrou] [WARN ] [2b5e6d705a67a2c2] [local_topology.go:256         ] [main                ] - Readiness test failed with the following error: "required node services are missing or unhealthy"
2021-11-18T12:21:30.254Z [jfrou] [ERROR] [2b5e6d705a67a2c2] [local_topology.go:302         ] [main                ] - Could not perform shutdown heartbeat: context canceled. last error: failed sending heartbeat information to Access: failed closing Access grpc client: rpc error: code = Unimplemented desc = Not Found: HTTP status code 404; transport: received the unexpected content-type "text/plain; charset=utf-8"
2021-11-18T13:45:18.137Z [jfrou] [INFO ] [6dfb3353ea15de3a] [bootstrap.go:76               ] [main                ] - Router (jfrou) service initialization started. Version: 7.26.0-1 Revision: fc921b2dfafca1829dfa35c5ee2dd6898e0faae1 PID: 3378 Home: /opt/jfrog/artifactory
2021-11-18T13:45:18.146Z [jfrou] [INFO ] [6dfb3353ea15de3a] [bootstrap.go:79               ] [main                ] - JFrog Router IP: 172.17.0.3
2021-11-18T13:45:18.147Z [jfrou] [INFO ] [6dfb3353ea15de3a] [bootstrap.go:192              ] [main                ] - System configuration encryption report:
shared.newrelic.licenseKey: does not exist in the config file
shared.security.joinKeyFile: file '/opt/jfrog/artifactory/var/etc/security/join.key' - already encrypted
2021-11-18T13:45:18.158Z [jfrou] [INFO ] [6dfb3353ea15de3a] [bootstrap.go:84               ] [main                ] - JFrog Router Service ID: jfrou@01fm73sv6s4d6cyy1rm4qbwzj4
2021-11-18T13:45:18.158Z [jfrou] [INFO ] [6dfb3353ea15de3a] [bootstrap.go:85               ] [main                ] - JFrog Router Node ID: 17cf92a2bffd
2021-11-18T13:45:18.381Z [jfrou] [INFO ] [6dfb3353ea15de3a] [http_client_holder.go:155     ] [main                ] - System cert pool contents were loaded as trusted CAs for TLS communication
2021-11-18T13:45:18.387Z [jfrou] [INFO ] [6dfb3353ea15de3a] [http_client_holder.go:175     ] [main                ] - Following certificates were successfully loaded as trusted CAs for TLS communication:
[/opt/jfrog/artifactory/var/data/router/keys/trusted/access-root-ca.crt]
2021-11-18T13:45:20.146Z [jfrou] [INFO ] [6dfb3353ea15de3a] [config_holder.go:107          ] [main                ] - Configuration update detected
2021-11-18T13:45:36.609Z [jfrou] [INFO ] [6dfb3353ea15de3a] [join_executor.go:116          ] [main                ] - Cluster join: Trying to rejoin the cluster
2021-11-18T13:45:38.111Z [jfrou] [INFO ] [6dfb3353ea15de3a] [join_executor.go:205          ] [main                ] - Cluster join: Successfully joined the cluster
2021-11-18T13:45:38.113Z [jfrou] [INFO ] [6dfb3353ea15de3a] [http_client_holder.go:155     ] [main                ] - System cert pool contents were loaded as trusted CAs for TLS communication
2021-11-18T13:45:38.113Z [jfrou] [INFO ] [6dfb3353ea15de3a] [http_client_holder.go:175     ] [main                ] - Following certificates were successfully loaded as trusted CAs for TLS communication:
[/opt/jfrog/artifactory/var/data/router/keys/trusted/access-root-ca.crt]
2021-11-18T13:45:38.120Z [jfrou] [INFO ] [6dfb3353ea15de3a] [registry_handler.go:89        ] [main                ] - The following services were restored automatically based on persisted data: jfevt@01fm73sqysjgst0t1vddpw09kv, jffe@000, jfmd@01fm73sw2hffqpz18jr6kq7m9p, jfob@01fm73sqysjgst0t1vddpw09kv
2021-11-18T13:45:38.161Z [jfrou] [INFO ] [6dfb3353ea15de3a] [main.go:47                    ] [main                ] - Router (jfrou) service initialization completed in 20.028 seconds. Listening on port: 8082
2021-11-18T13:45:38.162Z [jfrou] [WARN ] [1d34ba78cf4e790c] [local_topology.go:256         ] [main                ] - Readiness test failed with the following error: "required node services are missing or unhealthy"
2021-11-18T13:45:43.545Z [jfrou] [WARN ] [75f318f70858eb8 ] [local_topology.go:256         ] [main                ] - Readiness test failed with the following error: "required node services are missing or unhealthy"
2021-11-18T13:45:48.199Z [jfrou] [WARN ] [420c3eba746b09e0] [local_topology.go:256         ] [main                ] - Readiness test failed with the following error: "required node services are missing or unhealthy"
2021-11-18T13:45:53.182Z [jfrou] [WARN ] [462eced2cf5ec5e7] [local_topology.go:256         ] [main                ] - Readiness test failed with the following error: "required node services are missing or unhealthy"
2021-11-18T13:45:58.225Z [jfrou] [WARN ] [441e986400709e01] [local_topology.go:256         ] [main                ] - Readiness test failed with the following error: "required node services are missing or unhealthy"
2021-11-18T13:46:03.239Z [jfrou] [INFO ] [6e02d2489d03ebd0] [local_topology.go:270         ] [main                ] - 
###############################################################
###   All services started successfully in 45.056 seconds   ###
###############################################################
2021-11-18T13:55:21.921Z [jfrou] [ERROR] [7771b367924a1032] [external_topology.go:82       ] [main                ] - Failed fetching external topology from Access: Get "http://localhost:8040/access/api/v1/topology": read tcp 127.0.0.1:59624->127.0.0.1:8040: read: connection reset by peer
2021-11-18T13:55:23.562Z [jfrou] [WARN ] [7b026aa9390fcdf1] [local_topology.go:256         ] [main                ] - Readiness test failed with the following error: "required node services are missing or unhealthy"
2021-11-18T13:55:23.686Z [jfrou] [ERROR] [32b5f65a91b9e22a] [external_topology.go:82       ] [main                ] - Failed fetching external topology from Access: Get "http://localhost:8040/access/api/v1/topology": dial tcp 127.0.0.1:8040: connect: connection refused
2021-11-18T13:55:26.369Z [jfrou] [INFO ] [6dfb3353ea15de3a] [application.go:69             ] [main                ] - Received OS signal: terminated
2021-11-18T13:55:26.369Z [jfrou] [INFO ] [6dfb3353ea15de3a] [main.go:52                    ] [main                ] - Shutting down
2021-11-18T13:55:26.399Z [jfrou] [WARN ] [2699e072eb75688a] [local_topology.go:256         ] [main                ] - Readiness test failed with the following error: "required node services are missing or unhealthy"
2021-11-18T13:55:26.411Z [jfrou] [WARN ] [2699e072eb75688a] [local_topology.go:256         ] [main                ] - Readiness test failed with the following error: "required node services are missing or unhealthy"
2021-11-18T13:55:26.423Z [jfrou] [WARN ] [2699e072eb75688a] [local_topology.go:256         ] [main                ] - Readiness test failed with the following error: "required node services are missing or unhealthy"
2021-11-18T13:55:26.424Z [jfrou] [ERROR] [2699e072eb75688a] [local_topology.go:302         ] [main                ] - Could not perform shutdown heartbeat: context canceled. last error: failed sending heartbeat information to Access: failed closing Access grpc client: rpc error: code = Unimplemented desc = Not Found: HTTP status code 404; transport: received the unexpected content-type "text/plain; charset=utf-8"
2021-11-18T14:23:50.911Z [jfrou] [INFO ] [64aaf86c31d5dd59] [bootstrap.go:76               ] [main                ] - Router (jfrou) service initialization started. Version: 7.26.0-1 Revision: fc921b2dfafca1829dfa35c5ee2dd6898e0faae1 PID: 3385 Home: /opt/jfrog/artifactory
2021-11-18T14:23:50.922Z [jfrou] [INFO ] [64aaf86c31d5dd59] [bootstrap.go:79               ] [main                ] - JFrog Router IP: 172.17.0.3
2021-11-18T14:23:50.948Z [jfrou] [INFO ] [64aaf86c31d5dd59] [bootstrap.go:192              ] [main                ] - System configuration encryption report:
shared.newrelic.licenseKey: does not exist in the config file
shared.security.joinKeyFile: file '/opt/jfrog/artifactory/var/etc/security/join.key' - already encrypted
2021-11-18T14:23:50.952Z [jfrou] [INFO ] [64aaf86c31d5dd59] [bootstrap.go:84               ] [main                ] - JFrog Router Service ID: jfrou@01fm73sv6s4d6cyy1rm4qbwzj4
2021-11-18T14:23:50.953Z [jfrou] [INFO ] [64aaf86c31d5dd59] [bootstrap.go:85               ] [main                ] - JFrog Router Node ID: 17cf92a2bffd
2021-11-18T14:23:51.321Z [jfrou] [INFO ] [64aaf86c31d5dd59] [http_client_holder.go:155     ] [main                ] - System cert pool contents were loaded as trusted CAs for TLS communication
2021-11-18T14:23:51.326Z [jfrou] [INFO ] [64aaf86c31d5dd59] [http_client_holder.go:175     ] [main                ] - Following certificates were successfully loaded as trusted CAs for TLS communication:
[/opt/jfrog/artifactory/var/data/router/keys/trusted/access-root-ca.crt]
2021-11-18T14:24:11.320Z [jfrou] [INFO ] [64aaf86c31d5dd59] [join_executor.go:116          ] [main                ] - Cluster join: Trying to rejoin the cluster
2021-11-18T14:24:13.171Z [jfrou] [INFO ] [64aaf86c31d5dd59] [join_executor.go:205          ] [main                ] - Cluster join: Successfully joined the cluster
2021-11-18T14:24:13.177Z [jfrou] [INFO ] [64aaf86c31d5dd59] [http_client_holder.go:155     ] [main                ] - System cert pool contents were loaded as trusted CAs for TLS communication
2021-11-18T14:24:13.177Z [jfrou] [INFO ] [64aaf86c31d5dd59] [http_client_holder.go:175     ] [main                ] - Following certificates were successfully loaded as trusted CAs for TLS communication:
[/opt/jfrog/artifactory/var/data/router/keys/trusted/access-root-ca.crt]
2021-11-18T14:24:13.203Z [jfrou] [INFO ] [64aaf86c31d5dd59] [registry_handler.go:89        ] [main                ] - The following services were restored automatically based on persisted data: jfevt@01fm73sqysjgst0t1vddpw09kv, jffe@000, jfmd@01fm73sw2hffqpz18jr6kq7m9p, jfob@01fm73sqysjgst0t1vddpw09kv
2021-11-18T14:24:13.279Z [jfrou] [WARN ] [7c36149245d7e   ] [local_topology.go:256         ] [main                ] - Readiness test failed with the following error: "required node services are missing or unhealthy"
2021-11-18T14:24:13.279Z [jfrou] [INFO ] [64aaf86c31d5dd59] [main.go:47                    ] [main                ] - Router (jfrou) service initialization completed in 22.372 seconds. Listening on port: 8082
2021-11-18T14:24:18.432Z [jfrou] [WARN ] [57393dc384baf114] [local_topology.go:256         ] [main                ] - Readiness test failed with the following error: "required node services are missing or unhealthy"
2021-11-18T14:24:23.283Z [jfrou] [WARN ] [37edf9a3f3ab6c06] [local_topology.go:256         ] [main                ] - Readiness test failed with the following error: "required node services are missing or unhealthy"
2021-11-18T14:24:28.309Z [jfrou] [WARN ] [26175259a2c3052 ] [local_topology.go:256         ] [main                ] - Readiness test failed with the following error: "required node services are missing or unhealthy"
2021-11-18T14:24:33.290Z [jfrou] [INFO ] [31a9a603fc9f9e66] [local_topology.go:270         ] [main                ] - 
###############################################################
###   All services started successfully in 42.384 seconds   ###
###############################################################
2021-11-18T19:22:10.585Z [jfrou] [ERROR] [1e168abf2458ea8e] [external_topology.go:82       ] [main                ] - Failed fetching external topology from Access: Get "http://localhost:8040/access/api/v1/topology": read tcp 127.0.0.1:59228->127.0.0.1:8040: read: connection reset by peer
2021-11-18T19:22:11.436Z [jfrou] [ERROR] [5a56c1dcae82872c] [external_topology.go:82       ] [main                ] - Failed fetching external topology from Access: Get "http://localhost:8040/access/api/v1/topology": dial tcp 127.0.0.1:8040: connect: connection refused
2021-11-18T19:22:12.291Z [jfrou] [WARN ] [57a2056893272f68] [local_topology.go:256         ] [main                ] - Readiness test failed with the following error: "required node services are missing or unhealthy"
2021-11-18T19:22:14.436Z [jfrou] [ERROR] [6a45ceb5afebf8a2] [external_topology.go:82       ] [main                ] - Failed fetching external topology from Access: Get "http://localhost:8040/access/api/v1/topology": dial tcp 127.0.0.1:8040: connect: connection refused
2021-11-18T19:22:15.110Z [jfrou] [INFO ] [64aaf86c31d5dd59] [application.go:69             ] [main                ] - Received OS signal: terminated
2021-11-18T19:22:15.110Z [jfrou] [INFO ] [64aaf86c31d5dd59] [main.go:52                    ] [main                ] - Shutting down
2021-11-18T19:22:15.142Z [jfrou] [WARN ] [45ae74749eeac44e] [local_topology.go:256         ] [main                ] - Readiness test failed with the following error: "required node services are missing or unhealthy"
2021-11-18T19:22:15.154Z [jfrou] [WARN ] [45ae74749eeac44e] [local_topology.go:256         ] [main                ] - Readiness test failed with the following error: "required node services are missing or unhealthy"
2021-11-18T19:22:15.165Z [jfrou] [WARN ] [45ae74749eeac44e] [local_topology.go:256         ] [main                ] - Readiness test failed with the following error: "required node services are missing or unhealthy"
2021-11-18T19:22:15.166Z [jfrou] [ERROR] [45ae74749eeac44e] [local_topology.go:302         ] [main                ] - Could not perform shutdown heartbeat: context canceled. last error: failed sending heartbeat information to Access: failed closing Access grpc client: rpc error: code = Unimplemented desc = Not Found: HTTP status code 404; transport: received the unexpected content-type "text/plain; charset=utf-8"
2021-12-05T12:55:45.709Z [jfrou] [INFO ] [697c9be87347a81 ] [bootstrap.go:76               ] [main                ] - Router (jfrou) service initialization started. Version: 7.26.0-1 Revision: fc921b2dfafca1829dfa35c5ee2dd6898e0faae1 PID: 3347 Home: /opt/jfrog/artifactory
2021-12-05T12:55:45.713Z [jfrou] [INFO ] [697c9be87347a81 ] [bootstrap.go:79               ] [main                ] - JFrog Router IP: 172.17.0.3
2021-12-05T12:55:45.714Z [jfrou] [INFO ] [697c9be87347a81 ] [bootstrap.go:192              ] [main                ] - System configuration encryption report:
shared.newrelic.licenseKey: does not exist in the config file
shared.security.joinKeyFile: file '/opt/jfrog/artifactory/var/etc/security/join.key' - already encrypted
2021-12-05T12:55:45.718Z [jfrou] [INFO ] [697c9be87347a81 ] [bootstrap.go:84               ] [main                ] - JFrog Router Service ID: jfrou@01fm73sv6s4d6cyy1rm4qbwzj4
2021-12-05T12:55:45.718Z [jfrou] [INFO ] [697c9be87347a81 ] [bootstrap.go:85               ] [main                ] - JFrog Router Node ID: 17cf92a2bffd
2021-12-05T12:55:46.280Z [jfrou] [INFO ] [697c9be87347a81 ] [http_client_holder.go:155     ] [main                ] - System cert pool contents were loaded as trusted CAs for TLS communication
2021-12-05T12:55:46.282Z [jfrou] [INFO ] [697c9be87347a81 ] [http_client_holder.go:175     ] [main                ] - Following certificates were successfully loaded as trusted CAs for TLS communication:
[/opt/jfrog/artifactory/var/data/router/keys/trusted/access-root-ca.crt]
2021-12-05T12:55:47.711Z [jfrou] [INFO ] [697c9be87347a81 ] [config_holder.go:107          ] [main                ] - Configuration update detected
2021-12-05T12:56:17.187Z [jfrou] [INFO ] [697c9be87347a81 ] [join_executor.go:116          ] [main                ] - Cluster join: Trying to rejoin the cluster
2021-12-05T12:56:18.482Z [jfrou] [INFO ] [697c9be87347a81 ] [join_executor.go:205          ] [main                ] - Cluster join: Successfully joined the cluster
2021-12-05T12:56:18.484Z [jfrou] [INFO ] [697c9be87347a81 ] [http_client_holder.go:155     ] [main                ] - System cert pool contents were loaded as trusted CAs for TLS communication
2021-12-05T12:56:18.484Z [jfrou] [INFO ] [697c9be87347a81 ] [http_client_holder.go:175     ] [main                ] - Following certificates were successfully loaded as trusted CAs for TLS communication:
[/opt/jfrog/artifactory/var/data/router/keys/trusted/access-root-ca.crt]
2021-12-05T12:56:18.493Z [jfrou] [INFO ] [697c9be87347a81 ] [registry_handler.go:89        ] [main                ] - The following services were restored automatically based on persisted data: jfevt@01fm73sqysjgst0t1vddpw09kv, jffe@000, jfmd@01fm73sw2hffqpz18jr6kq7m9p, jfob@01fm73sqysjgst0t1vddpw09kv
2021-12-05T12:56:18.539Z [jfrou] [INFO ] [697c9be87347a81 ] [main.go:47                    ] [main                ] - Router (jfrou) service initialization completed in 32.838 seconds. Listening on port: 8082
2021-12-05T12:56:18.540Z [jfrou] [WARN ] [2b6b5b9fe14eed04] [local_topology.go:256         ] [main                ] - Readiness test failed with the following error: "required node services are missing or unhealthy"
2021-12-05T12:56:23.554Z [jfrou] [WARN ] [16484d7d7916e9e3] [local_topology.go:256         ] [main                ] - Readiness test failed with the following error: "required node services are missing or unhealthy"
2021-12-05T12:56:28.553Z [jfrou] [WARN ] [126cde87a7af74bf] [local_topology.go:256         ] [main                ] - Readiness test failed with the following error: "required node services are missing or unhealthy"
2021-12-05T12:56:33.556Z [jfrou] [WARN ] [265279238a010853] [local_topology.go:256         ] [main                ] - Readiness test failed with the following error: "required node services are missing or unhealthy"
2021-12-05T12:56:38.545Z [jfrou] [INFO ] [6f80e840ba246dbf] [local_topology.go:270         ] [main                ] - 
###############################################################
###   All services started successfully in 52.844 seconds   ###
###############################################################
2021-12-05T13:09:06.826Z [jfrou] [ERROR] [1a3a7b5fd1cc82ac] [external_topology.go:82       ] [main                ] - Failed fetching external topology from Access: Get "http://localhost:8040/access/api/v1/topology": read tcp 127.0.0.1:57652->127.0.0.1:8040: read: connection reset by peer
2021-12-05T13:09:06.827Z [jfrou] [WARN ] [18c7ee3fce121e8b] [local_topology.go:256         ] [main                ] - Readiness test failed with the following error: "required node services are missing or unhealthy"
2021-12-05T13:09:07.391Z [jfrou] [ERROR] [7640f3bee47c350d] [external_topology.go:82       ] [main                ] - Failed fetching external topology from Access: Get "http://localhost:8040/access/api/v1/topology": dial tcp 127.0.0.1:8040: connect: connection refused
2021-12-05T13:09:08.956Z [jfrou] [WARN ] [245b9df6570f5e42] [local_topology.go:256         ] [main                ] - Readiness test failed with the following error: "required node services are missing or unhealthy"
2021-12-05T16:11:23.774Z [jfrou] [INFO ] [5eacb2983c21eb9 ] [bootstrap.go:76               ] [main                ] - Router (jfrou) service initialization started. Version: 7.26.0-1 Revision: fc921b2dfafca1829dfa35c5ee2dd6898e0faae1 PID: 3388 Home: /opt/jfrog/artifactory
2021-12-05T16:11:23.774Z [jfrou] [INFO ] [5eacb2983c21eb9 ] [bootstrap.go:79               ] [main                ] - JFrog Router IP: 172.19.0.2
2021-12-05T16:11:23.776Z [jfrou] [INFO ] [5eacb2983c21eb9 ] [bootstrap.go:192              ] [main                ] - System configuration encryption report:
shared.newrelic.licenseKey: does not exist in the config file
shared.security.joinKeyFile: file '/opt/jfrog/artifactory/var/etc/security/join.key' - already encrypted
2021-12-05T16:11:23.776Z [jfrou] [INFO ] [5eacb2983c21eb9 ] [bootstrap.go:84               ] [main                ] - JFrog Router Service ID: jfrou@01fm73sv6s4d6cyy1rm4qbwzj4
2021-12-05T16:11:23.776Z [jfrou] [INFO ] [5eacb2983c21eb9 ] [bootstrap.go:85               ] [main                ] - JFrog Router Node ID: 9d1de9036be0
2021-12-05T16:11:23.811Z [jfrou] [INFO ] [5eacb2983c21eb9 ] [http_client_holder.go:155     ] [main                ] - System cert pool contents were loaded as trusted CAs for TLS communication
2021-12-05T16:11:23.811Z [jfrou] [INFO ] [5eacb2983c21eb9 ] [http_client_holder.go:175     ] [main                ] - Following certificates were successfully loaded as trusted CAs for TLS communication:
[/opt/jfrog/artifactory/var/data/router/keys/trusted/access-root-ca.crt]
2021-12-05T16:11:25.948Z [jfrou] [INFO ] [5eacb2983c21eb9 ] [config_holder.go:107          ] [main                ] - Configuration update detected
2021-12-05T16:11:36.447Z [jfrou] [INFO ] [5eacb2983c21eb9 ] [join_executor.go:116          ] [main                ] - Cluster join: Trying to rejoin the cluster
2021-12-05T16:11:37.117Z [jfrou] [INFO ] [5eacb2983c21eb9 ] [join_executor.go:205          ] [main                ] - Cluster join: Successfully joined the cluster
2021-12-05T16:11:40.297Z [jfrou] [INFO ] [5eacb2983c21eb9 ] [http_client_holder.go:155     ] [main                ] - System cert pool contents were loaded as trusted CAs for TLS communication
2021-12-05T16:11:40.297Z [jfrou] [INFO ] [5eacb2983c21eb9 ] [http_client_holder.go:175     ] [main                ] - Following certificates were successfully loaded as trusted CAs for TLS communication:
[/opt/jfrog/artifactory/var/data/router/keys/trusted/access-root-ca.crt]
2021-12-05T16:11:40.317Z [jfrou] [INFO ] [5eacb2983c21eb9 ] [main.go:47                    ] [main                ] - Router (jfrou) service initialization completed in 16.563 seconds. Listening on port: 8082
2021-12-05T16:11:40.317Z [jfrou] [WARN ] [436c0b930e26d7a9] [local_topology.go:256         ] [main                ] - Readiness test failed with the following error: "required node services are missing or unhealthy"
2021-12-05T16:11:45.326Z [jfrou] [WARN ] [5d4bd5a97535804c] [local_topology.go:256         ] [main                ] - Readiness test failed with the following error: "required node services are missing or unhealthy"
2021-12-05T16:11:50.329Z [jfrou] [WARN ] [1c3c0b71a6a278b6] [local_topology.go:256         ] [main                ] - Readiness test failed with the following error: "required node services are missing or unhealthy"
2021-12-05T16:11:55.327Z [jfrou] [INFO ] [18218789413a083f] [local_topology.go:270         ] [main                ] - 
###############################################################
###   All services started successfully in 31.573 seconds   ###
###############################################################
2021-12-05T16:16:15.398Z [jfrou] [WARN ] [222784169de0a814] [local_topology.go:256         ] [main                ] - Readiness test failed with the following error: "required node services are missing or unhealthy"
2021-12-05T16:16:16.553Z [jfrou] [ERROR] [66b5990211ea2587] [external_topology.go:82       ] [main                ] - Failed fetching external topology from Access: Get "http://localhost:8040/access/api/v1/topology": read tcp 127.0.0.1:33860->127.0.0.1:8040: read: connection reset by peer
2021-12-05T16:16:19.417Z [jfrou] [ERROR] [1643619b687b64ca] [external_topology.go:82       ] [main                ] - Failed fetching external topology from Access: Get "http://localhost:8040/access/api/v1/topology": dial tcp 127.0.0.1:8040: connect: connection refused
2021-12-05T16:16:20.399Z [jfrou] [WARN ] [43f61388a90d898e] [local_topology.go:256         ] [main                ] - Readiness test failed with the following error: "required node services are missing or unhealthy"
2021-12-05T16:16:21.360Z [jfrou] [INFO ] [5eacb2983c21eb9 ] [application.go:69             ] [main                ] - Received OS signal: terminated
2021-12-05T16:16:21.360Z [jfrou] [INFO ] [5eacb2983c21eb9 ] [main.go:52                    ] [main                ] - Shutting down
2021-12-05T16:16:21.380Z [jfrou] [WARN ] [742aee4d8e7e15e1] [local_topology.go:256         ] [main                ] - Readiness test failed with the following error: "required node services are missing or unhealthy"
2021-12-05T16:16:21.393Z [jfrou] [WARN ] [742aee4d8e7e15e1] [local_topology.go:256         ] [main                ] - Readiness test failed with the following error: "required node services are missing or unhealthy"
2021-12-05T16:16:21.405Z [jfrou] [WARN ] [742aee4d8e7e15e1] [local_topology.go:256         ] [main                ] - Readiness test failed with the following error: "required node services are missing or unhealthy"
2021-12-05T16:16:21.407Z [jfrou] [ERROR] [742aee4d8e7e15e1] [local_topology.go:302         ] [main                ] - Could not perform shutdown heartbeat: context canceled. last error: failed sending heartbeat information to Access: failed closing Access grpc client: rpc error: code = Unimplemented desc = Not Found: HTTP status code 404; transport: received the unexpected content-type "text/plain; charset=utf-8"
2021-12-05T18:10:52.341Z [jfrou] [INFO ] [26b18ae965420a31] [bootstrap.go:76               ] [main                ] - Router (jfrou) service initialization started. Version: 7.26.0-1 Revision: fc921b2dfafca1829dfa35c5ee2dd6898e0faae1 PID: 3369 Home: /opt/jfrog/artifactory
2021-12-05T18:10:52.342Z [jfrou] [INFO ] [26b18ae965420a31] [bootstrap.go:79               ] [main                ] - JFrog Router IP: 172.19.0.5
2021-12-05T18:10:52.345Z [jfrou] [INFO ] [26b18ae965420a31] [bootstrap.go:192              ] [main                ] - System configuration encryption report:
shared.newrelic.licenseKey: does not exist in the config file
shared.security.joinKeyFile: file '/opt/jfrog/artifactory/var/etc/security/join.key' - already encrypted
2021-12-05T18:10:52.346Z [jfrou] [INFO ] [26b18ae965420a31] [bootstrap.go:84               ] [main                ] - JFrog Router Service ID: jfrou@01fm73sv6s4d6cyy1rm4qbwzj4
2021-12-05T18:10:52.347Z [jfrou] [INFO ] [26b18ae965420a31] [bootstrap.go:85               ] [main                ] - JFrog Router Node ID: 9d1de9036be0
2021-12-05T18:10:52.397Z [jfrou] [INFO ] [26b18ae965420a31] [http_client_holder.go:155     ] [main                ] - System cert pool contents were loaded as trusted CAs for TLS communication
2021-12-05T18:10:52.397Z [jfrou] [INFO ] [26b18ae965420a31] [http_client_holder.go:175     ] [main                ] - Following certificates were successfully loaded as trusted CAs for TLS communication:
[/opt/jfrog/artifactory/var/data/router/keys/trusted/access-root-ca.crt]
2021-12-05T18:10:54.373Z [jfrou] [INFO ] [26b18ae965420a31] [config_holder.go:107          ] [main                ] - Configuration update detected
2021-12-05T18:11:08.469Z [jfrou] [INFO ] [26b18ae965420a31] [join_executor.go:116          ] [main                ] - Cluster join: Trying to rejoin the cluster
2021-12-05T18:11:08.952Z [jfrou] [INFO ] [26b18ae965420a31] [join_executor.go:205          ] [main                ] - Cluster join: Successfully joined the cluster
2021-12-05T18:11:08.954Z [jfrou] [INFO ] [26b18ae965420a31] [http_client_holder.go:155     ] [main                ] - System cert pool contents were loaded as trusted CAs for TLS communication
2021-12-05T18:11:08.954Z [jfrou] [INFO ] [26b18ae965420a31] [http_client_holder.go:175     ] [main                ] - Following certificates were successfully loaded as trusted CAs for TLS communication:
[/opt/jfrog/artifactory/var/data/router/keys/trusted/access-root-ca.crt]
2021-12-05T18:11:08.958Z [jfrou] [INFO ] [26b18ae965420a31] [registry_handler.go:89        ] [main                ] - The following services were restored automatically based on persisted data: jffe@000, jfmd@01fm73sw2hffqpz18jr6kq7m9p, jfob@01fm73sqysjgst0t1vddpw09kv
2021-12-05T18:11:08.989Z [jfrou] [INFO ] [26b18ae965420a31] [main.go:47                    ] [main                ] - Router (jfrou) service initialization completed in 16.649 seconds. Listening on port: 8082
2021-12-05T18:11:08.989Z [jfrou] [WARN ] [170f5d9e08a52500] [local_topology.go:256         ] [main                ] - Readiness test failed with the following error: "required node services are missing or unhealthy"
2021-12-05T18:11:13.997Z [jfrou] [WARN ] [1374881b58f06587] [local_topology.go:256         ] [main                ] - Readiness test failed with the following error: "required node services are missing or unhealthy"
2021-12-05T18:11:19.000Z [jfrou] [WARN ] [69eb1f573fc7d4c1] [local_topology.go:256         ] [main                ] - Readiness test failed with the following error: "required node services are missing or unhealthy"
2021-12-05T18:11:23.996Z [jfrou] [WARN ] [57e49236036a915a] [local_topology.go:256         ] [main                ] - Readiness test failed with the following error: "required node services are missing or unhealthy"
2021-12-05T18:11:28.999Z [jfrou] [INFO ] [181e5c58609c2f52] [local_topology.go:270         ] [main                ] - 
###############################################################
###   All services started successfully in 36.659 seconds   ###
###############################################################
2021-12-05T20:42:16.304Z [jfrou] [WARN ] [17f9265d6d6d7ccf] [local_topology.go:256         ] [main                ] - Readiness test failed with the following error: "required node services are missing or unhealthy"
2021-12-05T20:42:16.634Z [jfrou] [ERROR] [c08eb7147f89aff ] [external_topology.go:82       ] [main                ] - Failed fetching external topology from Access: Get "http://localhost:8040/access/api/v1/topology": read tcp 127.0.0.1:35112->127.0.0.1:8040: read: connection reset by peer
2021-12-05T20:42:18.810Z [jfrou] [ERROR] [24a17c8c3330e01 ] [external_topology.go:82       ] [main                ] - Failed fetching external topology from Access: Get "http://localhost:8040/access/api/v1/topology": dial tcp 127.0.0.1:8040: connect: connection refused
2021-12-05T20:42:21.292Z [jfrou] [INFO ] [26b18ae965420a31] [application.go:69             ] [main                ] - Received OS signal: terminated
2021-12-05T20:42:21.293Z [jfrou] [INFO ] [26b18ae965420a31] [main.go:52                    ] [main                ] - Shutting down
2021-12-05T20:42:21.301Z [jfrou] [WARN ] [268e4d9df2b7f790] [local_topology.go:256         ] [main                ] - Readiness test failed with the following error: "required node services are missing or unhealthy"
2021-12-05T20:42:21.313Z [jfrou] [WARN ] [268e4d9df2b7f790] [local_topology.go:256         ] [main                ] - Readiness test failed with the following error: "required node services are missing or unhealthy"
2021-12-05T20:42:21.325Z [jfrou] [WARN ] [268e4d9df2b7f790] [local_topology.go:256         ] [main                ] - Readiness test failed with the following error: "required node services are missing or unhealthy"
2021-12-05T20:42:21.326Z [jfrou] [ERROR] [268e4d9df2b7f790] [local_topology.go:302         ] [main                ] - Could not perform shutdown heartbeat: context canceled. last error: failed sending heartbeat information to Access: failed closing Access grpc client: rpc error: code = Unimplemented desc = Not Found: HTTP status code 404; transport: received the unexpected content-type "text/plain; charset=utf-8"
2021-12-22T17:18:19.394Z [jfrou] [INFO ] [73c5d2904c78a05b] [bootstrap.go:76               ] [main                ] - Router (jfrou) service initialization started. Version: 7.26.0-1 Revision: fc921b2dfafca1829dfa35c5ee2dd6898e0faae1 PID: 3379 Home: /opt/jfrog/artifactory
2021-12-22T17:18:19.396Z [jfrou] [INFO ] [73c5d2904c78a05b] [bootstrap.go:79               ] [main                ] - JFrog Router IP: 172.19.0.3
2021-12-22T17:18:19.413Z [jfrou] [INFO ] [73c5d2904c78a05b] [bootstrap.go:192              ] [main                ] - System configuration encryption report:
shared.newrelic.licenseKey: does not exist in the config file
shared.security.joinKeyFile: file '/opt/jfrog/artifactory/var/etc/security/join.key' - already encrypted
2021-12-22T17:18:19.416Z [jfrou] [INFO ] [73c5d2904c78a05b] [bootstrap.go:84               ] [main                ] - JFrog Router Service ID: jfrou@01fm73sv6s4d6cyy1rm4qbwzj4
2021-12-22T17:18:19.416Z [jfrou] [INFO ] [73c5d2904c78a05b] [bootstrap.go:85               ] [main                ] - JFrog Router Node ID: 9d1de9036be0
2021-12-22T17:18:19.580Z [jfrou] [INFO ] [73c5d2904c78a05b] [http_client_holder.go:155     ] [main                ] - System cert pool contents were loaded as trusted CAs for TLS communication
2021-12-22T17:18:19.582Z [jfrou] [INFO ] [73c5d2904c78a05b] [http_client_holder.go:175     ] [main                ] - Following certificates were successfully loaded as trusted CAs for TLS communication:
[/opt/jfrog/artifactory/var/data/router/keys/trusted/access-root-ca.crt]
2021-12-22T17:18:21.420Z [jfrou] [INFO ] [73c5d2904c78a05b] [config_holder.go:107          ] [main                ] - Configuration update detected
2021-12-22T17:18:24.246Z [jfrou] [INFO ] [73c5d2904c78a05b] [join_executor.go:165          ] [main                ] - Cluster join: Retry 5: Service registry ping failed, will retry. Error: Get "http://localhost:8040/access/api/v1/system/ping": dial tcp 127.0.0.1:8040: connect: connection refused
2021-12-22T17:18:29.383Z [jfrou] [INFO ] [73c5d2904c78a05b] [join_executor.go:165          ] [main                ] - Cluster join: Retry 10: Service registry ping failed, will retry. Error: Get "http://localhost:8040/access/api/v1/system/ping": dial tcp 127.0.0.1:8040: connect: connection refused
2021-12-22T17:19:13.135Z [jfrou] [INFO ] [73c5d2904c78a05b] [join_executor.go:116          ] [main                ] - Cluster join: Trying to rejoin the cluster
2021-12-22T17:19:13.699Z [jfrou] [INFO ] [73c5d2904c78a05b] [join_executor.go:205          ] [main                ] - Cluster join: Successfully joined the cluster
2021-12-22T17:19:13.710Z [jfrou] [INFO ] [73c5d2904c78a05b] [http_client_holder.go:155     ] [main                ] - System cert pool contents were loaded as trusted CAs for TLS communication
2021-12-22T17:19:13.722Z [jfrou] [INFO ] [73c5d2904c78a05b] [http_client_holder.go:175     ] [main                ] - Following certificates were successfully loaded as trusted CAs for TLS communication:
[/opt/jfrog/artifactory/var/data/router/keys/trusted/access-root-ca.crt]
2021-12-22T17:19:13.774Z [jfrou] [INFO ] [73c5d2904c78a05b] [registry_handler.go:89        ] [main                ] - The following services were restored automatically based on persisted data: jffe@000, jfmd@01fm73sw2hffqpz18jr6kq7m9p, jfob@01fm73sqysjgst0t1vddpw09kv
2021-12-22T17:19:13.827Z [jfrou] [INFO ] [73c5d2904c78a05b] [main.go:47                    ] [main                ] - Router (jfrou) service initialization completed in 54.547 seconds. Listening on port: 8082
2021-12-22T17:19:13.829Z [jfrou] [WARN ] [abd424861d36acf ] [local_topology.go:256         ] [main                ] - Readiness test failed with the following error: "required node services are missing or unhealthy"
2021-12-22T17:19:18.838Z [jfrou] [WARN ] [1316e8916dc2f81c] [local_topology.go:256         ] [main                ] - Readiness test failed with the following error: "required node services are missing or unhealthy"
2021-12-22T17:19:23.842Z [jfrou] [WARN ] [5cfd9b4ba53a1e6a] [local_topology.go:256         ] [main                ] - Readiness test failed with the following error: "required node services are missing or unhealthy"
2021-12-22T17:19:28.837Z [jfrou] [WARN ] [21118340895ca0aa] [local_topology.go:256         ] [main                ] - Readiness test failed with the following error: "required node services are missing or unhealthy"
2021-12-22T17:19:33.838Z [jfrou] [INFO ] [de92d2944c3d4f2 ] [local_topology.go:270         ] [main                ] - 
###############################################################
###   All services started successfully in 74.558 seconds   ###
###############################################################
2021-12-22T19:28:06.600Z [jfrou] [ERROR] [5b6edabc6744d624] [external_topology.go:82       ] [main                ] - Failed fetching external topology from Access: Get "http://localhost:8040/access/api/v1/topology": read tcp 127.0.0.1:60520->127.0.0.1:8040: read: connection reset by peer
2021-12-22T19:28:07.410Z [jfrou] [WARN ] [7e7d47394dd7db4f] [local_topology.go:256         ] [main                ] - Readiness test failed with the following error: "required node services are missing or unhealthy"
2021-12-22T19:28:07.956Z [jfrou] [ERROR] [2a38f296556093b9] [external_topology.go:82       ] [main                ] - Failed fetching external topology from Access: Get "http://localhost:8040/access/api/v1/topology": dial tcp 127.0.0.1:8040: connect: connection refused
2021-12-22T19:28:10.957Z [jfrou] [ERROR] [5fefdae3d964ade8] [external_topology.go:82       ] [main                ] - Failed fetching external topology from Access: Get "http://localhost:8040/access/api/v1/topology": dial tcp 127.0.0.1:8040: connect: connection refused
2021-12-22T19:28:11.625Z [jfrou] [INFO ] [73c5d2904c78a05b] [application.go:69             ] [main                ] - Received OS signal: terminated
2021-12-22T19:28:11.625Z [jfrou] [INFO ] [73c5d2904c78a05b] [main.go:52                    ] [main                ] - Shutting down
2021-12-22T19:28:11.646Z [jfrou] [WARN ] [46ed00cf031fc9b0] [local_topology.go:256         ] [main                ] - Readiness test failed with the following error: "required node services are missing or unhealthy"
2021-12-22T19:28:11.658Z [jfrou] [WARN ] [46ed00cf031fc9b0] [local_topology.go:256         ] [main                ] - Readiness test failed with the following error: "required node services are missing or unhealthy"
2021-12-22T19:28:11.670Z [jfrou] [WARN ] [46ed00cf031fc9b0] [local_topology.go:256         ] [main                ] - Readiness test failed with the following error: "required node services are missing or unhealthy"
2021-12-22T19:28:11.671Z [jfrou] [ERROR] [46ed00cf031fc9b0] [local_topology.go:302         ] [main                ] - Could not perform shutdown heartbeat: context canceled. last error: failed sending heartbeat information to Access: failed closing Access grpc client: rpc error: code = Unimplemented desc = Not Found: HTTP status code 404; transport: received the unexpected content-type "text/plain; charset=utf-8"
2022-01-02T19:15:42.110Z [jfrou] [INFO ] [404fdb3bdca4af9b] [bootstrap.go:76               ] [main                ] - Router (jfrou) service initialization started. Version: 7.26.0-1 Revision: fc921b2dfafca1829dfa35c5ee2dd6898e0faae1 PID: 3373 Home: /opt/jfrog/artifactory
2022-01-02T19:15:42.114Z [jfrou] [INFO ] [404fdb3bdca4af9b] [bootstrap.go:79               ] [main                ] - JFrog Router IP: 172.19.0.2
2022-01-02T19:15:42.115Z [jfrou] [INFO ] [404fdb3bdca4af9b] [bootstrap.go:192              ] [main                ] - System configuration encryption report:
shared.newrelic.licenseKey: does not exist in the config file
shared.security.joinKeyFile: file '/opt/jfrog/artifactory/var/etc/security/join.key' - already encrypted
2022-01-02T19:15:42.116Z [jfrou] [INFO ] [404fdb3bdca4af9b] [bootstrap.go:84               ] [main                ] - JFrog Router Service ID: jfrou@01fm73sv6s4d6cyy1rm4qbwzj4
2022-01-02T19:15:42.116Z [jfrou] [INFO ] [404fdb3bdca4af9b] [bootstrap.go:85               ] [main                ] - JFrog Router Node ID: 9d1de9036be0
2022-01-02T19:15:42.222Z [jfrou] [INFO ] [404fdb3bdca4af9b] [http_client_holder.go:155     ] [main                ] - System cert pool contents were loaded as trusted CAs for TLS communication
2022-01-02T19:15:42.223Z [jfrou] [INFO ] [404fdb3bdca4af9b] [http_client_holder.go:175     ] [main                ] - Following certificates were successfully loaded as trusted CAs for TLS communication:
[/opt/jfrog/artifactory/var/data/router/keys/trusted/access-root-ca.crt]
2022-01-02T19:15:44.129Z [jfrou] [INFO ] [404fdb3bdca4af9b] [config_holder.go:107          ] [main                ] - Configuration update detected
2022-01-02T19:16:04.093Z [jfrou] [INFO ] [404fdb3bdca4af9b] [join_executor.go:116          ] [main                ] - Cluster join: Trying to rejoin the cluster
2022-01-02T19:16:04.801Z [jfrou] [INFO ] [404fdb3bdca4af9b] [join_executor.go:205          ] [main                ] - Cluster join: Successfully joined the cluster
2022-01-02T19:16:04.803Z [jfrou] [INFO ] [404fdb3bdca4af9b] [http_client_holder.go:155     ] [main                ] - System cert pool contents were loaded as trusted CAs for TLS communication
2022-01-02T19:16:04.803Z [jfrou] [INFO ] [404fdb3bdca4af9b] [http_client_holder.go:175     ] [main                ] - Following certificates were successfully loaded as trusted CAs for TLS communication:
[/opt/jfrog/artifactory/var/data/router/keys/trusted/access-root-ca.crt]
2022-01-02T19:16:04.808Z [jfrou] [INFO ] [404fdb3bdca4af9b] [registry_handler.go:89        ] [main                ] - The following services were restored automatically based on persisted data: jffe@000, jfmd@01fm73sw2hffqpz18jr6kq7m9p, jfob@01fm73sqysjgst0t1vddpw09kv
2022-01-02T19:16:04.826Z [jfrou] [INFO ] [404fdb3bdca4af9b] [main.go:47                    ] [main                ] - Router (jfrou) service initialization completed in 22.717 seconds. Listening on port: 8082
2022-01-02T19:16:04.827Z [jfrou] [WARN ] [376279a64d937be ] [local_topology.go:256         ] [main                ] - Readiness test failed with the following error: "required node services are missing or unhealthy"
2022-01-02T19:16:09.838Z [jfrou] [WARN ] [56db472ca62a263 ] [local_topology.go:256         ] [main                ] - Readiness test failed with the following error: "required node services are missing or unhealthy"
2022-01-02T19:16:14.849Z [jfrou] [WARN ] [231c2d9e3bd5213d] [local_topology.go:256         ] [main                ] - Readiness test failed with the following error: "required node services are missing or unhealthy"
2022-01-02T19:16:19.843Z [jfrou] [WARN ] [1d8f9d598bb07ca6] [local_topology.go:256         ] [main                ] - Readiness test failed with the following error: "required node services are missing or unhealthy"
2022-01-02T19:16:24.834Z [jfrou] [INFO ] [4960a0d66da4bb1f] [local_topology.go:270         ] [main                ] - 
###############################################################
###   All services started successfully in 42.724 seconds   ###
###############################################################
